[log (2017-03-14 15:30:53.003)]  Creating C&E consignment:
[log (2017-03-14 15:30:56.007)]  Failed to create consignment: FindFailed: can not find images/Menu/menuData.png in S(0)[0,0 1366x768]
  Line 2189, in file Region.java

[log (2017-03-14 15:32:45.935)]  Creating C&E consignment:
[log (2017-03-14 15:32:49.166)]  Failed to create consignment: FindFailed: can not find images/Menu/menuData.png in S(0)[0,0 1366x768]
  Line 2189, in file Region.java

[log (2017-03-14 15:33:51.740)]  Creating C&E consignment:
[log (2017-03-14 15:33:54.922)]  Failed to create consignment: FindFailed: can not find images/Menu/menuData.png in S(0)[0,0 1366x768]
  Line 2189, in file Region.java

[log (2017-03-14 15:35:52.286)]  Creating C&E consignment:
[log (2017-03-14 15:35:55.362)]  Failed to create consignment: FindFailed: can not find images/Menu/menuData.png in S(0)[0,0 1366x768]
  Line 2189, in file Region.java

[log (2017-03-14 15:38:27.742)]  Creating C&E consignment:
[log (2017-03-14 15:38:30.866)]  Failed to create consignment: FindFailed: can not find images/Menu/menuData.png in S(0)[0,0 1366x768]
  Line 2189, in file Region.java

[log (2017-03-14 15:40:10.063)]  Attempting to log into the application.
[log (2017-03-14 15:40:18.968)]  Login successful
[log (2017-03-14 15:40:18.968)]  Creating C&E consignment:
[log (2017-03-14 15:41:53.575)]  Attempting to log into the application.
[log (2017-03-14 15:42:01.915)]  Login successful
[log (2017-03-14 15:42:01.915)]  Creating C&E consignment:
[log (2017-03-14 15:42:26.034)]  Failed to create consignment: FindFailed: can not find /images/Menu/Data/Inventory/CandEConsignment/saveModifications.png in S(0)[0,0 1366x768]
  Line 2189, in file Region.java

[log (2017-03-14 15:44:34.125)]  Attempting to log into the application.
[log (2017-03-14 15:44:42.440)]  Login successful
[log (2017-03-14 15:44:42.456)]  Creating C&E consignment:
[log (2017-03-14 15:45:58.305)]  Attempting to log into the application.
[log (2017-03-14 15:46:06.774)]  Login successful
[log (2017-03-14 15:46:06.774)]  Creating C&E consignment:
[log (2017-03-14 15:47:18.708)]  Attempting to log into the application.
[log (2017-03-14 15:47:27.290)]  Login successful
[log (2017-03-14 15:47:27.290)]  Creating C&E consignment:
[log (2017-03-14 15:47:56.155)]  Trying to log into the RDT 
[log (2017-03-14 15:48:02.071)]  Navigating to Pre-Advice Receiving
[log (2017-03-14 15:48:02.864)]  Entering Pre-Advice ID
[log (2017-03-14 15:48:04.619)]  Receiving PA Line 
[log (2017-03-14 15:49:12.281)]  Failed to receive line!: 
[log (2017-03-14 15:49:12.281)]  FindFailed: can not find images/rdt/rcvVol.png in S(0)[0,0 1366x768]
  Line 2189, in file Region.java

[log (2017-03-14 15:50:15.463)]  Attempting to log into the application.
[log (2017-03-14 15:50:23.807)]  Login successful
[log (2017-03-14 15:50:23.807)]  Creating C&E consignment:
[log (2017-03-14 15:50:52.852)]  Trying to log into the RDT 
[log (2017-03-14 15:50:59.303)]  Navigating to Pre-Advice Receiving
[log (2017-03-14 15:51:00.152)]  Entering Pre-Advice ID
[log (2017-03-14 15:51:01.190)]  Receiving PA Line 
[log (2017-03-14 15:52:17.615)]  Trying to log into the RDT 
[log (2017-03-14 15:52:23.244)]  Navigating to Pre-Advice Receiving
[log (2017-03-14 15:52:24.024)]  Entering Pre-Advice ID
[log (2017-03-14 15:52:25.757)]  Receiving PA Line 
[log (2017-03-14 15:52:38.841)]  Failed to receive line!: 
[log (2017-03-14 15:52:38.841)]  FindFailed: can not find images/rdt/paComplete.png in S(0)[0,0 1366x768]
  Line 2189, in file Region.java

[log (2017-03-14 15:57:54.711)]  Attempting to log into the application.
[log (2017-03-14 15:58:26.449)]  Login successful
[log (2017-03-14 15:58:26.449)]  Creating C&E consignment:
[log (2017-03-14 15:58:55.666)]  Trying to log into the RDT 
[log (2017-03-14 15:59:01.016)]  Navigating to Pre-Advice Receiving
[log (2017-03-14 15:59:01.809)]  Entering Pre-Advice ID
[log (2017-03-14 15:59:03.552)]  Receiving PA Line 
[log (2017-03-14 16:07:53.276)]  Attempting to log into the application.
[log (2017-03-14 16:08:01.338)]  Login successful
[log (2017-03-14 16:08:55.313)]  Trying to log into the RDT 
[log (2017-03-14 16:09:00.759)]  Navigating to Container Picking
[log (2017-03-14 16:09:06.200)]  Failed to find image: FindFailed: can not find images/rdt/quesEnt.png in S(0)[0,0 1366x768]
  Line 2189, in file Region.java

[log (2017-03-14 16:12:53.346)]  Attempting to log into the application.
[log (2017-03-14 16:13:01.323)]  Login successful
[log (2017-03-14 16:14:31.822)]  Trying to log into the RDT 
[log (2017-03-14 16:14:37.224)]  Navigating to Container Picking
[log (2017-03-14 16:14:43.008)]  Failed to find image: FindFailed: can not find images/rdt/quesEnt.png in S(0)[0,0 1366x768]
  Line 2189, in file Region.java

[log (2017-03-14 16:17:53.773)]  Attempting to log into the application.
[log (2017-03-14 16:18:02.065)]  Login successful
[log (2017-03-14 16:18:51.451)]  Trying to log into the RDT 
[log (2017-03-14 16:18:56.466)]  Navigating to Container Picking
[log (2017-03-14 16:19:02.095)]  Failed to find image: FindFailed: can not find images/rdt/quesEnt.png in S(0)[0,0 1366x768]
  Line 2189, in file Region.java

[log (2017-03-14 16:40:54.240)]  Attempting to log into the application.
[log (2017-03-14 16:41:04.081)]  Login successful
[log (2017-03-14 16:41:51.902)]  Trying to log into the RDT 
[log (2017-03-14 16:41:56.880)]  Navigating to Container Picking
[log (2017-03-14 16:42:02.535)]  Failed to find image: FindFailed: can not find images/rdt/quesEnt.png in S(0)[0,0 1366x768]
  Line 2189, in file Region.java

[log (2017-03-14 16:48:53.665)]  Attempting to log into the application.
[log (2017-03-14 16:49:04.328)]  Login successful
[log (2017-03-14 16:50:14.047)]  Trying to log into the RDT 
[log (2017-03-14 16:50:19.519)]  Navigating to Container Picking
[log (2017-03-14 16:50:25.285)]  Failed to find image: FindFailed: can not find images/rdt/quesEnt.png in S(0)[0,0 1366x768]
  Line 2189, in file Region.java

[log (2017-03-14 16:54:54.233)]  Attempting to log into the application.
[log (2017-03-14 16:55:02.751)]  Login successful
[log (2017-03-14 16:58:54.010)]  Attempting to log into the application.
[log (2017-03-14 16:59:02.142)]  Login successful
[log (2017-03-14 17:00:57.139)]  Trying to log into the RDT 
[log (2017-03-14 17:01:12.876)]  Navigating to Container Picking
[log (2017-03-14 17:07:54.341)]  Attempting to log into the application.
[log (2017-03-14 17:08:03.099)]  Login successful
[log (2017-03-14 17:10:10.603)]  Trying to log into the RDT 
[log (2017-03-14 17:10:15.948)]  Navigating to Container Picking
[log (2017-03-14 17:19:17.541)]  Attempting to log into the application.
[log (2017-03-14 17:19:26.080)]  Login successful
[log (2017-03-14 17:19:26.082)]  Creating C&E consignment:
[log (2017-03-14 17:19:53.750)]  Trying to log into the RDT 
[log (2017-03-14 17:19:58.926)]  Navigating to Pre-Advice Receiving
[log (2017-03-14 17:20:00.131)]  Entering Pre-Advice ID
[log (2017-03-14 17:20:02.344)]  Receiving PA Line 
[log (2017-03-14 17:21:55.000)]  Attempting to log into the application.
[log (2017-03-14 17:22:03.007)]  Login successful
[log (2017-03-14 17:23:17.977)]  Trying to log into the RDT 
[log (2017-03-14 17:23:23.502)]  Navigating to Container Picking
[log (2017-03-14 17:23:29.278)]  Failed to find image: FindFailed: can not find images/rdt/quesEnt.png in S(0)[0,0 1366x768]
  Line 2189, in file Region.java

