[log (2017-03-23 11:33:12.915)]  Reading line from file: USER,,Database,jdbc:oracle:thin:@hlxd0dc003.unix.marksandspencerdev.com:1521:WMSBACD,,,
[log (2017-03-23 11:33:12.915)]  Reading line from file: OPTIMUS,,dcsdba,,,,
[log (2017-03-23 11:33:12.915)]  Reading line from file: 1234,,jdadcbacd,,,,
[log (2017-03-23 11:33:12.915)]  Reading line from file: Pre-Advice,CeConsignment,Receipt Lane,tag,qty,eachToCase,Create
[log (2017-03-23 11:33:12.915)]  Reading line from file: 2055734P02,000000012,REC001,2017022701,10c,12,N
[log (2017-03-23 11:33:12.930)]  Reading line from file: SKU,,,,,,Create
[log (2017-03-23 11:33:12.930)]  Reading line from file: UPC,,,,,,Create
[log (2017-03-23 11:33:12.930)]  Reading line from file: ORDERS,,,,,,Create
[log (2017-03-23 11:34:59.060)]  Reading line from file: USER,,Database,jdbc:oracle:thin:@hlxd0dc003.unix.marksandspencerdev.com:1521:WMSBACD,,,
[log (2017-03-23 11:34:59.060)]  Reading line from file: OPTIMUS,,dcsdba,,,,
[log (2017-03-23 11:34:59.060)]  Reading line from file: 1234,,jdadcbacd,,,,
[log (2017-03-23 11:34:59.060)]  Reading line from file: Pre-Advice,CeConsignment,Receipt Lane,tag,qty,eachToCase,Create
[log (2017-03-23 11:34:59.060)]  Reading line from file: 2055734P02,000000012,REC001,2017022701,10c,12,N
[log (2017-03-23 11:34:59.060)]  Reading line from file: SKU,,,,,,Create
[log (2017-03-23 11:34:59.060)]  Reading line from file: UPC,,,,,,Create
[log (2017-03-23 11:34:59.060)]  Reading line from file: ORDERS,,,,,,Create
[log (2017-03-23 13:11:41.085)]  Reading line from file: USER,,Database,jdbc:oracle:thin:@hlxd0dc003.unix.marksandspencerdev.com:1521:WMSBACD,,,
[log (2017-03-23 13:11:41.085)]  Reading line from file: OPTIMUS,,dcsdba,,,,
[log (2017-03-23 13:11:41.085)]  Reading line from file: 1234,,jdadcbacd,,,,
[log (2017-03-23 13:11:41.085)]  Reading line from file: Pre-Advice,CeConsignment,Receipt Lane,tag,qty,eachToCase,Create
[log (2017-03-23 13:11:41.085)]  Reading line from file: 2055734P02,000000012,REC001,2017022701,10c,12,N
[log (2017-03-23 13:11:41.085)]  Reading line from file: SKU,,,,,,Create
[log (2017-03-23 13:11:41.085)]  Reading line from file: UPC,,,,,,Create
[log (2017-03-23 13:11:41.085)]  Reading line from file: ORDERS,,,,,,Create
[log (2017-03-23 13:11:42.395)]  Attempting to interface an Order
[log (2017-03-23 13:11:42.395)]  inserting order header: A000000650
[log (2017-03-23 13:11:42.738)]  inserting order line A000000650::1
[log (2017-03-23 13:11:42.910)]  inserting order line A000000650::2
[log (2017-03-23 13:11:43.066)]  Waiting for merge....A000000650
[log (2017-03-23 13:11:43.081)]  Waiting for merge....60
[log (2017-03-23 13:11:44.159)]  Waiting for merge....59
[log (2017-03-23 13:11:45.188)]  Waiting for merge....58
[log (2017-03-23 13:11:46.218)]  Waiting for merge....57
[log (2017-03-23 13:11:47.247)]  Waiting for merge....56
[log (2017-03-23 13:11:48.277)]  Waiting for merge....55
[log (2017-03-23 13:11:49.306)]  Waiting for merge....54
[log (2017-03-23 13:11:50.322)]  Waiting for merge....53
[log (2017-03-23 13:11:51.351)]  Waiting for merge....52
[log (2017-03-23 13:21:37.134)]  Reading line from file: USER,,Database,jdbc:oracle:thin:@hlxd0dc003.unix.marksandspencerdev.com:1521:WMSBACD,,,
[log (2017-03-23 13:21:37.134)]  Reading line from file: OPTIMUS,,dcsdba,,,,
[log (2017-03-23 13:21:37.134)]  Reading line from file: 1234,,jdadcbacd,,,,
[log (2017-03-23 13:21:37.134)]  Reading line from file: Pre-Advice,CeConsignment,Receipt Lane,tag,qty,eachToCase,Create
[log (2017-03-23 13:21:37.150)]  Reading line from file: 2055734P02,000000012,REC001,2017022701,10c,12,N
[log (2017-03-23 13:21:37.150)]  Reading line from file: SKU,,,,,,Create
[log (2017-03-23 13:21:37.150)]  Reading line from file: UPC,,,,,,Create
[log (2017-03-23 13:21:37.150)]  Reading line from file: ORDERS,,,,,,Create
[log (2017-03-23 13:21:38.243)]  Attempting to interface an Order
[log (2017-03-23 13:21:38.274)]  Attempting Allocation A000000650
[log (2017-03-23 13:21:38.399)]  Allocate flag set
[log (2017-03-23 13:21:39.400)]  Waiting for allocation....70
[log (2017-03-23 13:22:15.192)]  Reading line from file: USER,,Database,jdbc:oracle:thin:@hlxd0dc003.unix.marksandspencerdev.com:1521:WMSBACD,,,
[log (2017-03-23 13:22:15.207)]  Reading line from file: OPTIMUS,,dcsdba,,,,
[log (2017-03-23 13:22:15.207)]  Reading line from file: 1234,,jdadcbacd,,,,
[log (2017-03-23 13:22:15.207)]  Reading line from file: Pre-Advice,CeConsignment,Receipt Lane,tag,qty,eachToCase,Create
[log (2017-03-23 13:22:15.207)]  Reading line from file: 2055734P02,000000012,REC001,2017022701,10c,12,N
[log (2017-03-23 13:22:15.207)]  Reading line from file: SKU,,,,,,Create
[log (2017-03-23 13:22:15.207)]  Reading line from file: UPC,,,,,,Create
[log (2017-03-23 13:22:15.207)]  Reading line from file: ORDERS,,,,,,Create
[log (2017-03-23 13:22:16.363)]  Attempting to interface an Order
[log (2017-03-23 13:22:53.247)]  Reading line from file: USER,,Database,jdbc:oracle:thin:@hlxd0dc003.unix.marksandspencerdev.com:1521:WMSBACD,,,
[log (2017-03-23 13:22:53.247)]  Reading line from file: OPTIMUS,,dcsdba,,,,
[log (2017-03-23 13:22:53.247)]  Reading line from file: 1234,,jdadcbacd,,,,
[log (2017-03-23 13:22:53.247)]  Reading line from file: Pre-Advice,CeConsignment,Receipt Lane,tag,qty,eachToCase,Create
[log (2017-03-23 13:22:53.263)]  Reading line from file: 2055734P02,000000012,REC001,2017022701,10c,12,N
[log (2017-03-23 13:22:53.263)]  Reading line from file: SKU,,,,,,Create
[log (2017-03-23 13:22:53.263)]  Reading line from file: UPC,,,,,,Create
[log (2017-03-23 13:22:53.263)]  Reading line from file: ORDERS,,,,,,Create
[log (2017-03-23 13:22:54.511)]  Attempting to interface an Order
[log (2017-03-23 13:23:07.993)]  Reading line from file: USER,,Database,jdbc:oracle:thin:@hlxd0dc003.unix.marksandspencerdev.com:1521:WMSBACD,,,
[log (2017-03-23 13:23:07.993)]  Reading line from file: OPTIMUS,,dcsdba,,,,
[log (2017-03-23 13:23:08.008)]  Reading line from file: 1234,,jdadcbacd,,,,
[log (2017-03-23 13:23:08.008)]  Reading line from file: Pre-Advice,CeConsignment,Receipt Lane,tag,qty,eachToCase,Create
[log (2017-03-23 13:23:08.008)]  Reading line from file: 2055734P02,000000012,REC001,2017022701,10c,12,N
[log (2017-03-23 13:23:08.008)]  Reading line from file: SKU,,,,,,Create
[log (2017-03-23 13:23:08.008)]  Reading line from file: UPC,,,,,,Create
[log (2017-03-23 13:23:08.008)]  Reading line from file: ORDERS,,,,,,Create
[log (2017-03-23 13:23:09.085)]  Attempting to interface an Order
[log (2017-03-23 13:23:09.085)]  inserting order header: A000000650
[log (2017-03-23 13:23:09.412)]  inserting order line A000000650::1
[log (2017-03-23 13:23:09.568)]  inserting order line A000000650::2
[log (2017-03-23 13:23:09.724)]  Waiting for merge....A000000650
[log (2017-03-23 13:23:09.724)]  Waiting for merge....60
[log (2017-03-23 13:23:10.816)]  Waiting for merge....59
[log (2017-03-23 13:23:11.846)]  Waiting for merge....58
[log (2017-03-23 13:23:12.876)]  Waiting for merge....57
[log (2017-03-23 13:23:13.905)]  Waiting for merge....56
[log (2017-03-23 13:23:14.935)]  Waiting for merge....55
[log (2017-03-23 13:23:15.964)]  Waiting for merge....54
[log (2017-03-23 13:23:16.994)]  Waiting for merge....53
[log (2017-03-23 13:23:18.024)]  Waiting for merge....52
[log (2017-03-23 13:23:19.053)]  Waiting for merge....51
[log (2017-03-23 13:23:20.083)]  Waiting for merge....50
[log (2017-03-23 13:23:21.112)]  Waiting for merge....49
[log (2017-03-23 13:23:22.142)]  Waiting for merge....48
[log (2017-03-23 13:23:23.172)]  Waiting for merge....47
[log (2017-03-23 13:23:24.202)]  Waiting for merge....46
[log (2017-03-23 13:23:25.232)]  Waiting for merge....45
[log (2017-03-23 13:23:26.261)]  Waiting for merge....44
[log (2017-03-23 13:23:27.292)]  Waiting for merge....43
[log (2017-03-23 13:23:28.322)]  Waiting for merge....42
[log (2017-03-23 13:23:29.351)]  Waiting for merge....41
[log (2017-03-23 13:23:30.381)]  Waiting for merge....40
[log (2017-03-23 13:23:31.411)]  Waiting for merge....39
[log (2017-03-23 13:23:32.441)]  Waiting for merge....38
[log (2017-03-23 13:23:33.470)]  Waiting for merge....37
[log (2017-03-23 13:23:34.500)]  Waiting for merge....36
[log (2017-03-23 13:23:35.530)]  Waiting for merge....35
[log (2017-03-23 13:23:36.559)]  Waiting for merge....34
[log (2017-03-23 13:23:37.589)]  Waiting for merge....33
[log (2017-03-23 13:23:38.618)]  Waiting for merge....32
[log (2017-03-23 13:23:39.648)]  Waiting for merge....31
[log (2017-03-23 13:23:40.678)]  Waiting for merge....30
[log (2017-03-23 13:23:41.707)]  Waiting for merge....29
[log (2017-03-23 13:23:42.737)]  Waiting for merge....28
[log (2017-03-23 13:23:43.766)]  Waiting for merge....27
[log (2017-03-23 13:23:44.796)]  Waiting for merge....26
[log (2017-03-23 13:23:45.826)]  Waiting for merge....25
[log (2017-03-23 13:23:46.855)]  Waiting for merge....24
[log (2017-03-23 13:23:47.885)]  Waiting for merge....23
[log (2017-03-23 13:23:48.914)]  Waiting for merge....22
[log (2017-03-23 13:23:49.944)]  Waiting for merge....21
[log (2017-03-23 13:23:50.974)]  Waiting for merge....20
[log (2017-03-23 13:23:52.003)]  Waiting for merge....19
[log (2017-03-23 13:23:53.033)]  Waiting for merge....18
[log (2017-03-23 13:23:54.063)]  Waiting for merge....17
[log (2017-03-23 13:23:55.093)]  Waiting for merge....16
[log (2017-03-23 13:23:56.123)]  Waiting for merge....15
[log (2017-03-23 13:23:57.152)]  Waiting for merge....14
[log (2017-03-23 13:23:58.183)]  Waiting for merge....13
[log (2017-03-23 13:23:59.213)]  Waiting for merge....12
[log (2017-03-23 13:24:00.244)]  Waiting for merge....11
[log (2017-03-23 13:24:01.273)]  Waiting for merge....10
[log (2017-03-23 13:24:02.303)]  Waiting for merge....9
[log (2017-03-23 13:24:03.333)]  Waiting for merge....8
[log (2017-03-23 13:24:04.362)]  Waiting for merge....7
[log (2017-03-23 13:24:05.392)]  Waiting for merge....6
[log (2017-03-23 13:24:06.421)]  Waiting for merge....5
[log (2017-03-23 13:24:07.451)]  Waiting for merge....4
[log (2017-03-23 13:24:08.481)]  Waiting for merge....3
[log (2017-03-23 13:24:09.510)]  Waiting for merge....2
[log (2017-03-23 13:24:10.540)]  Waiting for merge....1
[log (2017-03-23 13:24:11.577)]  Order not merged
[log (2017-03-23 13:24:11.608)]  
[log (2017-03-23 13:24:11.624)]  Logging into the application
[log (2017-03-23 13:24:11.640)]  Attempting to log into the application.
[log (2017-03-23 13:26:07.376)]  Reading line from file: USER,,Database,jdbc:oracle:thin:@hlxd0dc003.unix.marksandspencerdev.com:1521:WMSBACD,,,
[log (2017-03-23 13:26:07.376)]  Reading line from file: OPTIMUS,,dcsdba,,,,
[log (2017-03-23 13:26:07.376)]  Reading line from file: 1234,,jdadcbacd,,,,
[log (2017-03-23 13:26:07.376)]  Reading line from file: Pre-Advice,CeConsignment,Receipt Lane,tag,qty,eachToCase,Create
[log (2017-03-23 13:26:07.376)]  Reading line from file: 2055734P02,000000012,REC001,2017022701,10c,12,N
[log (2017-03-23 13:26:07.376)]  Reading line from file: SKU,,,,,,Create
[log (2017-03-23 13:26:07.391)]  Reading line from file: UPC,,,,,,Create
[log (2017-03-23 13:26:07.391)]  Reading line from file: ORDERS,,,,,,Create
[log (2017-03-23 13:26:08.509)]  Attempting to interface an Order
[log (2017-03-23 13:26:08.525)]  inserting order header: A000000650
[log (2017-03-23 13:26:08.852)]  inserting order line A000000650::1
[log (2017-03-23 13:26:09.008)]  inserting order line A000000650::2
[log (2017-03-23 13:26:09.164)]  Waiting for merge....A000000650
[log (2017-03-23 13:26:09.180)]  Waiting for merge....60
[log (2017-03-23 13:26:10.241)]  Waiting for merge....59
[log (2017-03-23 13:26:11.270)]  Waiting for merge....58
[log (2017-03-23 13:26:12.286)]  Waiting for merge....57
[log (2017-03-23 13:26:13.316)]  Waiting for merge....56
[log (2017-03-23 13:26:14.346)]  Waiting for merge....55
[log (2017-03-23 13:26:15.375)]  Waiting for merge....54
[log (2017-03-23 13:26:16.405)]  Waiting for merge....53
[log (2017-03-23 13:26:17.434)]  Waiting for merge....52
[log (2017-03-23 13:26:18.464)]  Waiting for merge....51
[log (2017-03-23 13:26:19.495)]  Waiting for merge....50
[log (2017-03-23 13:26:20.524)]  Waiting for merge....49
[log (2017-03-23 13:26:21.554)]  Waiting for merge....48
[log (2017-03-23 13:26:22.583)]  Waiting for merge....47
[log (2017-03-23 13:26:23.613)]  Waiting for merge....46
[log (2017-03-23 13:26:24.643)]  Waiting for merge....45
[log (2017-03-23 13:26:25.672)]  Waiting for merge....44
[log (2017-03-23 13:26:26.702)]  Waiting for merge....43
[log (2017-03-23 13:26:27.731)]  Waiting for merge....42
[log (2017-03-23 13:26:28.761)]  Waiting for merge....41
[log (2017-03-23 13:26:29.791)]  Waiting for merge....40
[log (2017-03-23 13:26:30.821)]  Waiting for merge....39
[log (2017-03-23 13:26:31.850)]  Waiting for merge....38
[log (2017-03-23 13:26:32.874)]  Waiting for merge....37
[log (2017-03-23 13:26:33.904)]  Waiting for merge....36
[log (2017-03-23 13:26:34.892)]  Waiting for merge....35
[log (2017-03-23 13:26:35.939)]  Waiting for merge....34
[log (2017-03-23 13:26:36.968)]  Waiting for merge....33
[log (2017-03-23 13:26:37.998)]  Waiting for merge....32
[log (2017-03-23 13:26:39.014)]  Waiting for merge....31
[log (2017-03-23 13:26:40.043)]  Waiting for merge....30
[log (2017-03-23 13:26:41.073)]  Waiting for merge....29
[log (2017-03-23 13:26:42.103)]  Waiting for merge....28
[log (2017-03-23 13:26:43.129)]  Waiting for merge....27
[log (2017-03-23 13:26:44.159)]  Waiting for merge....26
[log (2017-03-23 13:26:45.189)]  Waiting for merge....25
[log (2017-03-23 13:26:46.218)]  Waiting for merge....24
[log (2017-03-23 13:26:47.248)]  Waiting for merge....23
[log (2017-03-23 13:26:48.277)]  Waiting for merge....22
[log (2017-03-23 13:26:49.303)]  Waiting for merge....21
[log (2017-03-23 13:26:50.332)]  Waiting for merge....20
[log (2017-03-23 13:26:51.362)]  Waiting for merge....19
[log (2017-03-23 13:26:52.379)]  Waiting for merge....18
[log (2017-03-23 13:26:53.401)]  Waiting for merge....17
[log (2017-03-23 13:26:54.430)]  Waiting for merge....16
[log (2017-03-23 13:26:55.452)]  Waiting for merge....15
[log (2017-03-23 13:26:56.467)]  Waiting for merge....14
[log (2017-03-23 13:26:57.502)]  Waiting for merge....13
[log (2017-03-23 13:26:58.518)]  Waiting for merge....12
[log (2017-03-23 13:26:59.549)]  Waiting for merge....11
[log (2017-03-23 13:27:00.577)]  Waiting for merge....10
[log (2017-03-23 13:27:01.608)]  Waiting for merge....9
[log (2017-03-23 13:27:02.638)]  Waiting for merge....8
[log (2017-03-23 13:27:03.667)]  Waiting for merge....7
[log (2017-03-23 13:27:04.697)]  Waiting for merge....6
[log (2017-03-23 13:27:05.726)]  Waiting for merge....5
[log (2017-03-23 13:27:06.756)]  Waiting for merge....4
[log (2017-03-23 13:27:07.786)]  Waiting for merge....3
[log (2017-03-23 13:27:08.815)]  Waiting for merge....2
[log (2017-03-23 13:27:09.845)]  Waiting for merge....1
[log (2017-03-23 13:27:10.890)]  Order not merged
[log (2017-03-23 13:27:10.921)]  
[log (2017-03-23 13:27:10.937)]  Logging into the application
[log (2017-03-23 13:27:10.952)]  Attempting to log into the application.
[log (2017-03-23 13:28:37.240)]  Reading line from file: USER,,Database,jdbc:oracle:thin:@hlxd0dc003.unix.marksandspencerdev.com:1521:WMSBACD,,,
[log (2017-03-23 13:28:37.240)]  Reading line from file: OPTIMUS,,dcsdba,,,,
[log (2017-03-23 13:28:37.240)]  Reading line from file: 1234,,jdadcbacd,,,,
[log (2017-03-23 13:28:37.240)]  Reading line from file: Pre-Advice,CeConsignment,Receipt Lane,tag,qty,eachToCase,Create
[log (2017-03-23 13:28:37.240)]  Reading line from file: 2055734P02,000000012,REC001,2017022701,10c,12,N
[log (2017-03-23 13:28:37.240)]  Reading line from file: SKU,,,,,,Create
[log (2017-03-23 13:28:37.240)]  Reading line from file: UPC,,,,,,Create
[log (2017-03-23 13:28:37.240)]  Reading line from file: ORDERS,,,,,,Create
[log (2017-03-23 13:28:38.254)]  Attempting to interface an Order
[log (2017-03-23 13:28:38.300)]  inserting order header: A000000650
[log (2017-03-23 13:28:38.722)]  inserting order line A000000650::1
[log (2017-03-23 13:28:38.893)]  inserting order line A000000650::2
[log (2017-03-23 13:28:39.080)]  Waiting for merge....A000000650
[log (2017-03-23 13:28:39.080)]  Waiting for merge....60
[log (2017-03-23 13:28:40.128)]  Waiting for merge....59
[log (2017-03-23 13:28:41.157)]  Waiting for merge....58
[log (2017-03-23 13:28:42.202)]  Waiting for merge....57
[log (2017-03-23 13:28:43.232)]  Waiting for merge....56
[log (2017-03-23 13:28:44.262)]  Waiting for merge....55
[log (2017-03-23 13:28:45.251)]  Waiting for merge....54
[log (2017-03-23 13:28:46.308)]  Waiting for merge....53
[log (2017-03-23 13:28:47.337)]  Waiting for merge....52
[log (2017-03-23 13:28:48.367)]  Waiting for merge....51
[log (2017-03-23 13:28:49.396)]  Waiting for merge....50
[log (2017-03-23 13:28:50.426)]  Waiting for merge....49
[log (2017-03-23 13:28:51.456)]  Waiting for merge....48
[log (2017-03-23 13:28:52.485)]  Waiting for merge....47
[log (2017-03-23 13:28:53.506)]  Waiting for merge....46
[log (2017-03-23 13:28:54.536)]  Waiting for merge....45
[log (2017-03-23 13:28:55.559)]  Waiting for merge....44
[log (2017-03-23 13:28:56.588)]  Waiting for merge....43
[log (2017-03-23 13:28:57.617)]  Waiting for merge....42
[log (2017-03-23 13:28:58.647)]  Waiting for merge....41
[log (2017-03-23 13:28:59.676)]  Waiting for merge....40
[log (2017-03-23 13:29:00.706)]  Waiting for merge....39
[log (2017-03-23 13:29:01.729)]  Waiting for merge....38
[log (2017-03-23 13:29:02.745)]  Waiting for merge....37
[log (2017-03-23 13:29:03.775)]  Waiting for merge....36
[log (2017-03-23 13:29:04.796)]  Waiting for merge....35
[log (2017-03-23 13:29:05.813)]  Waiting for merge....34
[log (2017-03-23 13:29:06.842)]  Waiting for merge....33
[log (2017-03-23 13:29:07.872)]  Waiting for merge....32
[log (2017-03-23 13:29:08.888)]  Waiting for merge....31
[log (2017-03-23 13:29:09.918)]  Waiting for merge....30
[log (2017-03-23 13:29:10.949)]  Waiting for merge....29
[log (2017-03-23 13:29:12.087)]  Waiting for merge....28
[log (2017-03-23 13:29:13.351)]  Waiting for merge....27
[log (2017-03-23 13:29:14.583)]  Waiting for merge....26
[log (2017-03-23 13:29:15.606)]  Waiting for merge....25
[log (2017-03-23 13:29:16.635)]  Waiting for merge....24
[log (2017-03-23 13:29:17.664)]  Waiting for merge....23
[log (2017-03-23 13:29:18.681)]  Waiting for merge....22
[log (2017-03-23 13:29:19.711)]  Waiting for merge....21
[log (2017-03-23 13:29:20.735)]  Waiting for merge....20
[log (2017-03-23 13:29:21.754)]  Waiting for merge....19
[log (2017-03-23 13:29:22.783)]  Waiting for merge....18
[log (2017-03-23 13:29:23.813)]  Waiting for merge....17
[log (2017-03-23 13:29:24.843)]  Waiting for merge....16
[log (2017-03-23 13:29:25.863)]  Waiting for merge....15
[log (2017-03-23 13:29:26.879)]  Waiting for merge....14
[log (2017-03-23 13:29:27.909)]  Waiting for merge....13
[log (2017-03-23 13:29:28.932)]  Waiting for merge....12
[log (2017-03-23 13:29:29.955)]  Waiting for merge....11
[log (2017-03-23 13:29:30.986)]  Waiting for merge....10
[log (2017-03-23 13:29:32.016)]  Waiting for merge....9
[log (2017-03-23 13:29:33.045)]  Waiting for merge....8
[log (2017-03-23 13:29:34.076)]  Waiting for merge....7
[log (2017-03-23 13:29:35.107)]  Waiting for merge....6
[log (2017-03-23 13:29:36.136)]  Waiting for merge....5
[log (2017-03-23 13:29:37.166)]  Waiting for merge....4
[log (2017-03-23 13:29:38.196)]  Waiting for merge....3
[log (2017-03-23 13:29:39.225)]  Waiting for merge....2
[log (2017-03-23 13:30:18.526)]  Reading line from file: USER,,Database,jdbc:oracle:thin:@hlxd0dc003.unix.marksandspencerdev.com:1521:WMSBACD,,,
[log (2017-03-23 13:30:18.542)]  Reading line from file: OPTIMUS,,dcsdba,,,,
[log (2017-03-23 13:30:18.542)]  Reading line from file: 1234,,jdadcbacd,,,,
[log (2017-03-23 13:30:18.542)]  Reading line from file: Pre-Advice,CeConsignment,Receipt Lane,tag,qty,eachToCase,Create
[log (2017-03-23 13:30:18.542)]  Reading line from file: 2055734P02,000000012,REC001,2017022701,10c,12,N
[log (2017-03-23 13:30:18.542)]  Reading line from file: SKU,,,,,,Create
[log (2017-03-23 13:30:18.542)]  Reading line from file: UPC,,,,,,Create
[log (2017-03-23 13:30:18.542)]  Reading line from file: ORDERS,,,,,,Create
[log (2017-03-23 13:30:19.728)]  Attempting to interface an Order
[log (2017-03-23 13:30:19.743)]  inserting order header: A000000650
[log (2017-03-23 13:30:20.211)]  inserting order line A000000650::1
[log (2017-03-23 13:30:20.414)]  inserting order line A000000650::2
[log (2017-03-23 13:30:20.586)]  Waiting for merge....A000000650
[log (2017-03-23 13:30:20.601)]  Waiting for merge....60
[log (2017-03-23 13:30:21.662)]  Waiting for merge....59
[log (2017-03-23 13:30:22.692)]  Waiting for merge....58
[log (2017-03-23 13:30:23.718)]  Waiting for merge....57
[log (2017-03-23 13:30:24.748)]  Waiting for merge....56
[log (2017-03-23 13:30:25.763)]  Waiting for merge....55
[log (2017-03-23 13:30:26.780)]  Waiting for merge....54
[log (2017-03-23 13:30:27.813)]  Waiting for merge....53
[log (2017-03-23 13:30:28.843)]  Waiting for merge....52
[log (2017-03-23 13:30:29.873)]  Waiting for merge....51
[log (2017-03-23 13:30:30.891)]  Waiting for merge....50
[log (2017-03-23 13:30:31.920)]  Waiting for merge....49
[log (2017-03-23 13:30:32.950)]  Waiting for merge....48
[log (2017-03-23 13:30:33.980)]  Waiting for merge....47
[log (2017-03-23 13:30:35.009)]  Waiting for merge....46
[log (2017-03-23 13:30:36.039)]  Waiting for merge....45
[log (2017-03-23 13:30:37.076)]  Waiting for merge....44
[log (2017-03-23 13:30:38.153)]  Waiting for merge....43
[log (2017-03-23 13:30:39.182)]  Waiting for merge....42
[log (2017-03-23 13:30:40.187)]  Waiting for merge....41
[log (2017-03-23 13:30:41.236)]  Waiting for merge....40
[log (2017-03-23 13:30:42.265)]  Waiting for merge....39
[log (2017-03-23 13:30:43.295)]  Waiting for merge....38
[log (2017-03-23 13:30:44.325)]  Waiting for merge....37
[log (2017-03-23 13:30:45.354)]  Waiting for merge....36
[log (2017-03-23 13:30:46.384)]  Waiting for merge....35
[log (2017-03-23 13:30:47.413)]  Waiting for merge....34
[log (2017-03-23 13:30:48.443)]  Waiting for merge....33
[log (2017-03-23 13:30:49.473)]  Waiting for merge....32
[log (2017-03-23 13:30:50.502)]  Waiting for merge....31
[log (2017-03-23 13:30:51.533)]  Waiting for merge....30
[log (2017-03-23 13:30:52.563)]  Waiting for merge....29
[log (2017-03-23 13:30:53.592)]  Waiting for merge....28
[log (2017-03-23 13:30:54.622)]  Waiting for merge....27
[log (2017-03-23 13:30:55.641)]  Waiting for merge....26
[log (2017-03-23 13:30:56.662)]  Waiting for merge....25
[log (2017-03-23 13:30:57.691)]  Waiting for merge....24
[log (2017-03-23 13:30:58.721)]  Waiting for merge....23
[log (2017-03-23 13:31:37.467)]  Reading line from file: USER,,Database,jdbc:oracle:thin:@hlxd0dc003.unix.marksandspencerdev.com:1521:WMSBACD,,,
[log (2017-03-23 13:31:37.467)]  Reading line from file: OPTIMUS,,dcsdba,,,,
[log (2017-03-23 13:31:37.467)]  Reading line from file: 1234,,jdadcbacd,,,,
[log (2017-03-23 13:31:37.467)]  Reading line from file: Pre-Advice,CeConsignment,Receipt Lane,tag,qty,eachToCase,Create
[log (2017-03-23 13:31:37.467)]  Reading line from file: 2055734P02,000000012,REC001,2017022701,10c,12,N
[log (2017-03-23 13:31:37.467)]  Reading line from file: SKU,,,,,,Create
[log (2017-03-23 13:31:37.467)]  Reading line from file: UPC,,,,,,Create
[log (2017-03-23 13:31:37.467)]  Reading line from file: ORDERS,,,,,,Create
[log (2017-03-23 13:31:38.481)]  Attempting to interface an Order
[log (2017-03-23 13:31:38.497)]  inserting order header: A000000650
[log (2017-03-23 13:31:38.903)]  inserting order line A000000650::1
[log (2017-03-23 13:31:39.074)]  inserting order line A000000650::2
[log (2017-03-23 13:31:39.230)]  Waiting for merge....A000000650
[log (2017-03-23 13:31:39.230)]  Waiting for merge....60
[log (2017-03-23 13:31:40.322)]  Order A000000650 merged
[log (2017-03-23 13:31:40.322)]  Logging into the application
[log (2017-03-23 13:31:40.322)]  Attempting to log into the application.
[log (2017-03-23 13:36:05.725)]  Reading line from file: USER,,Database,jdbc:oracle:thin:@hlxd0dc003.unix.marksandspencerdev.com:1521:WMSBACD,,,
[log (2017-03-23 13:36:05.741)]  Reading line from file: OPTIMUS,,dcsdba,,,,
[log (2017-03-23 13:36:05.741)]  Reading line from file: 1234,,jdadcbacd,,,,
[log (2017-03-23 13:36:05.741)]  Reading line from file: Pre-Advice,CeConsignment,Receipt Lane,tag,qty,eachToCase,Create
[log (2017-03-23 13:36:05.741)]  Reading line from file: 2055734P02,000000012,REC001,2017022701,10c,12,N
[log (2017-03-23 13:36:05.741)]  Reading line from file: SKU,,,,,,Create
[log (2017-03-23 13:36:05.741)]  Reading line from file: UPC,,,,,,Create
[log (2017-03-23 13:36:05.741)]  Reading line from file: ORDERS,,,,,,Create
[log (2017-03-23 13:36:06.817)]  Attempting to interface an Order
[log (2017-03-23 13:36:06.817)]  inserting order header: A000000651
[log (2017-03-23 13:36:07.191)]  inserting order line A000000651::1
[log (2017-03-23 13:36:07.347)]  inserting order line A000000651::2
[log (2017-03-23 13:36:07.503)]  Waiting for merge....null
[log (2017-03-23 13:36:07.503)]  Waiting for merge....60
[log (2017-03-23 13:36:08.580)]  Order null merged
[log (2017-03-23 13:36:08.595)]  Logging into the application
[log (2017-03-23 13:36:08.595)]  Attempting to log into the application.
[log (2017-03-23 13:43:46.961)]  Reading line from file: USER,,Database,jdbc:oracle:thin:@hlxd0dc003.unix.marksandspencerdev.com:1521:WMSBACD,,,
[log (2017-03-23 13:43:46.961)]  Reading line from file: OPTIMUS,,dcsdba,,,,
[log (2017-03-23 13:43:46.961)]  Reading line from file: 1234,,jdadcbacd,,,,
[log (2017-03-23 13:43:46.961)]  Reading line from file: Pre-Advice,CeConsignment,Receipt Lane,tag,qty,eachToCase,Create
[log (2017-03-23 13:43:46.961)]  Reading line from file: 2055734P02,000000012,REC001,2017022701,10c,12,N
[log (2017-03-23 13:43:46.961)]  Reading line from file: SKU,,,,,,Create
[log (2017-03-23 13:43:46.961)]  Reading line from file: UPC,,,,,,Create
[log (2017-03-23 13:43:46.961)]  Reading line from file: ORDERS,,,,,,Create
[log (2017-03-23 13:43:48.038)]  Attempting to interface an Order
[log (2017-03-23 13:43:48.053)]  inserting order header: A000000652
[log (2017-03-23 13:43:48.443)]  inserting order line A000000651::1
[log (2017-03-23 13:43:48.724)]  inserting order line A000000651::2
[log (2017-03-23 14:12:14.889)]  Reading line from file: USER,,Database,jdbc:oracle:thin:@hlxd0dc003.unix.marksandspencerdev.com:1521:WMSBACD,,,
[log (2017-03-23 14:12:14.889)]  Reading line from file: OPTIMUS,,dcsdba,,,,
[log (2017-03-23 14:12:14.889)]  Reading line from file: 1234,,jdadcbacd,,,,
[log (2017-03-23 14:12:14.904)]  Reading line from file: Pre-Advice,CeConsignment,Receipt Lane,tag,qty,eachToCase,Create
[log (2017-03-23 14:12:14.904)]  Reading line from file: 2055734P02,000000012,REC001,2017022701,10c,12,N
[log (2017-03-23 14:12:14.904)]  Reading line from file: SKU,,,,,,Create
[log (2017-03-23 14:12:14.904)]  Reading line from file: UPC,,,,,,Create
[log (2017-03-23 14:12:14.904)]  Reading line from file: ORDERS,,,,,,Create
[log (2017-03-23 14:12:15.965)]  Attempting to interface an Order
[log (2017-03-23 14:12:15.965)]  inserting order header: A000000653
[log (2017-03-23 14:12:16.371)]  inserting order line A000000653::1
[log (2017-03-23 14:12:16.527)]  inserting order line A000000653::2
[log (2017-03-23 14:12:16.683)]  inserting order line A000000653::3
[log (2017-03-23 14:12:16.854)]  Waiting for merge....A000000653
[log (2017-03-23 14:12:16.854)]  Waiting for merge....60
[log (2017-03-23 14:12:17.931)]  Waiting for merge....59
[log (2017-03-23 14:27:40.149)]  Reading line from file: USER,,Database,jdbc:oracle:thin:@hlxd0dc003.unix.marksandspencerdev.com:1521:WMSBACD,,,
[log (2017-03-23 14:27:40.151)]  Reading line from file: OPTIMUS,,dcsdba,,,,
[log (2017-03-23 14:27:40.152)]  Reading line from file: 1234,,jdadcbacd,,,,
[log (2017-03-23 14:27:40.154)]  Reading line from file: Pre-Advice,CeConsignment,Receipt Lane,tag,qty,eachToCase,Create
[log (2017-03-23 14:27:40.155)]  Reading line from file: 2055734P02,000000012,REC001,2017022701,10c,12,N
[log (2017-03-23 14:27:40.157)]  Reading line from file: SKU,,,,,,Create
[log (2017-03-23 14:27:40.158)]  Reading line from file: UPC,,,,,,Create
[log (2017-03-23 14:27:40.159)]  Reading line from file: ORDERS,,,,,,Create
[log (2017-03-23 14:27:41.236)]  Attempting to interface an Order
[log (2017-03-23 14:27:41.250)]  inserting order header: A000000655
[log (2017-03-23 14:27:41.632)]  inserting order header: A000000656
[log (2017-03-23 14:27:41.820)]  inserting order line A000000655::1
[log (2017-03-23 14:27:41.977)]  inserting order line A000000655::2
[log (2017-03-23 14:27:42.134)]  inserting order line A000000655::3
[log (2017-03-23 14:27:42.293)]  inserting order line A000000655::1
[log (2017-03-23 14:27:42.448)]  Waiting for merge....A000000655
[log (2017-03-23 14:27:42.450)]  Waiting for merge....60
[log (2017-03-23 14:27:43.508)]  Waiting for merge....59
[log (2017-03-23 14:27:44.526)]  Waiting for merge....58
[log (2017-03-23 14:27:45.544)]  Waiting for merge....57
[log (2017-03-23 14:27:46.566)]  Waiting for merge....56
[log (2017-03-23 14:27:47.588)]  Waiting for merge....55
[log (2017-03-23 14:27:48.607)]  Waiting for merge....54
[log (2017-03-23 14:27:49.628)]  Waiting for merge....53
[log (2017-03-23 14:27:50.645)]  Waiting for merge....52
[log (2017-03-23 14:27:51.665)]  Waiting for merge....51
[log (2017-03-23 14:27:52.684)]  Waiting for merge....50
[log (2017-03-23 14:27:53.704)]  Waiting for merge....49
[log (2017-03-23 14:27:54.725)]  Waiting for merge....48
[log (2017-03-23 14:27:55.746)]  Waiting for merge....47
[log (2017-03-23 14:27:56.766)]  Waiting for merge....46
[log (2017-03-23 14:27:57.784)]  Waiting for merge....45
[log (2017-03-23 14:27:58.804)]  Waiting for merge....44
[log (2017-03-23 14:27:59.823)]  Waiting for merge....43
[log (2017-03-23 14:28:00.843)]  Waiting for merge....42
[log (2017-03-23 14:28:01.860)]  Waiting for merge....41
[log (2017-03-23 14:28:02.878)]  Waiting for merge....40
[log (2017-03-23 14:28:03.896)]  Waiting for merge....39
[log (2017-03-23 14:28:04.914)]  Waiting for merge....38
[log (2017-03-23 14:28:05.933)]  Waiting for merge....37
[log (2017-03-23 14:28:06.951)]  Waiting for merge....36
[log (2017-03-23 14:28:07.972)]  Waiting for merge....35
[log (2017-03-23 14:28:08.993)]  Waiting for merge....34
[log (2017-03-23 14:28:10.010)]  Waiting for merge....33
[log (2017-03-23 14:28:11.027)]  Waiting for merge....32
[log (2017-03-23 14:28:12.043)]  Waiting for merge....31
[log (2017-03-23 14:28:13.062)]  Waiting for merge....30
[log (2017-03-23 14:28:14.080)]  Waiting for merge....29
[log (2017-03-23 14:28:15.097)]  Waiting for merge....28
[log (2017-03-23 14:28:16.115)]  Waiting for merge....27
[log (2017-03-23 14:28:17.134)]  Waiting for merge....26
[log (2017-03-23 14:28:18.154)]  Waiting for merge....25
[log (2017-03-23 14:28:19.172)]  Waiting for merge....24
[log (2017-03-23 14:28:20.192)]  Waiting for merge....23
[log (2017-03-23 14:28:21.216)]  Waiting for merge....22
[log (2017-03-23 14:28:22.234)]  Waiting for merge....21
[log (2017-03-23 14:28:23.252)]  Waiting for merge....20
[log (2017-03-23 14:28:24.273)]  Waiting for merge....19
[log (2017-03-23 14:28:25.291)]  Waiting for merge....18
[log (2017-03-23 14:28:26.310)]  Waiting for merge....17
[log (2017-03-23 14:28:27.329)]  Waiting for merge....16
[log (2017-03-23 14:28:28.347)]  Waiting for merge....15
[log (2017-03-23 14:28:29.365)]  Waiting for merge....14
[log (2017-03-23 14:28:30.383)]  Waiting for merge....13
[log (2017-03-23 14:28:31.401)]  Waiting for merge....12
[log (2017-03-23 14:28:32.419)]  Waiting for merge....11
[log (2017-03-23 14:28:33.442)]  Waiting for merge....10
[log (2017-03-23 14:28:34.461)]  Waiting for merge....9
[log (2017-03-23 14:28:35.478)]  Waiting for merge....8
[log (2017-03-23 14:28:36.497)]  Waiting for merge....7
[log (2017-03-23 14:28:37.736)]  Waiting for merge....6
[log (2017-03-23 14:28:39.003)]  Waiting for merge....5
[log (2017-03-23 14:28:40.021)]  Waiting for merge....4
[log (2017-03-23 14:28:41.039)]  Waiting for merge....3
[log (2017-03-23 14:28:42.058)]  Waiting for merge....2
[log (2017-03-23 14:28:43.076)]  Waiting for merge....1
[log (2017-03-23 14:28:44.111)]  Order not merged
[log (2017-03-23 14:28:44.235)]  Line Fail:2::The config ID is invalid for the SKU
[log (2017-03-23 14:28:44.236)]  Line Fail:3::The tracking level is invalid
[log (2017-03-23 14:28:44.260)]  Logging into the application
[log (2017-03-23 14:28:44.261)]  Attempting to log into the application.
[log (2017-03-23 15:13:32.845)]  Reading line from file: USER,,Database,jdbc:oracle:thin:@hlxd0dc003.unix.marksandspencerdev.com:1521:WMSBACD,,,
[log (2017-03-23 15:13:32.861)]  Reading line from file: OPTIMUS,,dcsdba,,,,
[log (2017-03-23 15:13:32.861)]  Reading line from file: 1234,,jdadcbacd,,,,
[log (2017-03-23 15:13:32.861)]  Reading line from file: Pre-Advice,CeConsignment,Receipt Lane,tag,qty,eachToCase,Create
[log (2017-03-23 15:13:32.861)]  Reading line from file: 2055734P02,000000012,REC001,2017022701,10c,12,N
[log (2017-03-23 15:13:32.861)]  Reading line from file: SKU,,,,,,Create
[log (2017-03-23 15:13:32.861)]  Reading line from file: UPC,,,,,,Create
[log (2017-03-23 15:13:32.861)]  Reading line from file: ORDERS,,,,,,Create
[log (2017-03-23 15:14:11.712)]  Reading line from file: USER,,Database,jdbc:oracle:thin:@hlxd0dc003.unix.marksandspencerdev.com:1521:WMSBACD,,,
[log (2017-03-23 15:14:11.712)]  Reading line from file: OPTIMUS,,dcsdba,,,,
[log (2017-03-23 15:14:11.712)]  Reading line from file: 1234,,jdadcbacd,,,,
[log (2017-03-23 15:14:11.712)]  Reading line from file: Pre-Advice,CeConsignment,Receipt Lane,tag,qty,eachToCase,Create
[log (2017-03-23 15:14:11.712)]  Reading line from file: 2055734P02,000000012,REC001,2017022701,10c,12,N
[log (2017-03-23 15:14:11.712)]  Reading line from file: SKU,,,,,,Create
[log (2017-03-23 15:14:11.727)]  Reading line from file: UPC,,,,,,Create
[log (2017-03-23 15:14:11.727)]  Reading line from file: ORDERS,,,,,,Create
[log (2017-03-23 15:14:12.773)]  Trying to insert Pre Advice
[log (2017-03-23 15:14:12.773)]  inserting header file: A000000250
[log (2017-03-23 15:14:13.443)]  inserting line file
[log (2017-03-23 15:15:24.383)]  Reading line from file: USER,,Database,jdbc:oracle:thin:@hlxd0dc003.unix.marksandspencerdev.com:1521:WMSBACD,,,
[log (2017-03-23 15:15:24.383)]  Reading line from file: OPTIMUS,,dcsdba,,,,
[log (2017-03-23 15:15:24.383)]  Reading line from file: 1234,,jdadcbacd,,,,
[log (2017-03-23 15:15:24.383)]  Reading line from file: Pre-Advice,CeConsignment,Receipt Lane,tag,qty,eachToCase,Create
[log (2017-03-23 15:15:24.383)]  Reading line from file: 2055734P02,000000012,REC001,2017022701,10c,12,N
[log (2017-03-23 15:15:24.399)]  Reading line from file: SKU,,,,,,Create
[log (2017-03-23 15:15:24.399)]  Reading line from file: UPC,,,,,,Create
[log (2017-03-23 15:15:24.399)]  Reading line from file: ORDERS,,,,,,Create
[log (2017-03-23 15:15:25.647)]  Trying to insert Pre Advice
[log (2017-03-23 15:15:25.647)]  inserting header file: A000000250
[log (2017-03-23 15:15:26.271)]  inserting line file
[log (2017-03-23 15:16:44.872)]  Reading line from file: USER,,Database,jdbc:oracle:thin:@hlxd0dc003.unix.marksandspencerdev.com:1521:WMSBACD,,,
[log (2017-03-23 15:16:44.872)]  Reading line from file: OPTIMUS,,dcsdba,,,,
[log (2017-03-23 15:16:44.872)]  Reading line from file: 1234,,jdadcbacd,,,,
[log (2017-03-23 15:16:44.872)]  Reading line from file: Pre-Advice,CeConsignment,Receipt Lane,tag,qty,eachToCase,Create
[log (2017-03-23 15:16:44.872)]  Reading line from file: 2055734P02,000000012,REC001,2017022701,10c,12,N
[log (2017-03-23 15:16:44.887)]  Reading line from file: SKU,,,,,,Create
[log (2017-03-23 15:16:44.887)]  Reading line from file: UPC,,,,,,Create
[log (2017-03-23 15:16:44.887)]  Reading line from file: ORDERS,,,,,,Create
[log (2017-03-23 15:16:46.026)]  Trying to insert Pre Advice
[log (2017-03-23 15:16:46.042)]  inserting header file: A000000250
[log (2017-03-23 15:17:15.311)]  inserting line file
[log (2017-03-23 15:18:23.251)]  Reading line from file: USER,,Database,jdbc:oracle:thin:@hlxd0dc003.unix.marksandspencerdev.com:1521:WMSBACD,,,
[log (2017-03-23 15:18:23.251)]  Reading line from file: OPTIMUS,,dcsdba,,,,
[log (2017-03-23 15:18:23.251)]  Reading line from file: 1234,,jdadcbacd,,,,
[log (2017-03-23 15:18:23.251)]  Reading line from file: Pre-Advice,CeConsignment,Receipt Lane,tag,qty,eachToCase,Create
[log (2017-03-23 15:18:23.251)]  Reading line from file: 2055734P02,000000012,REC001,2017022701,10c,12,N
[log (2017-03-23 15:18:23.251)]  Reading line from file: SKU,,,,,,Create
[log (2017-03-23 15:18:23.251)]  Reading line from file: UPC,,,,,,Create
[log (2017-03-23 15:18:23.251)]  Reading line from file: ORDERS,,,,,,Create
[log (2017-03-23 15:18:24.234)]  Trying to insert Pre Advice
[log (2017-03-23 15:18:24.234)]  inserting header file: A000000250
[log (2017-03-23 15:18:24.593)]  inserting line file
[log (2017-03-23 15:18:24.749)]  Waiting for merge.....A000000250
[log (2017-03-23 15:18:25.763)]  Waiting for merge.....60
[log (2017-03-23 15:18:26.824)]  Waiting for merge.....59
[log (2017-03-23 15:18:27.853)]  Waiting for merge.....58
[log (2017-03-23 15:18:28.883)]  Waiting for merge.....57
[log (2017-03-23 15:18:29.913)]  Waiting for merge.....56
[log (2017-03-23 15:18:30.944)]  Waiting for merge.....55
[log (2017-03-23 15:18:31.965)]  Waiting for merge.....54
[log (2017-03-23 15:18:32.995)]  Waiting for merge.....53
[log (2017-03-23 15:18:34.024)]  Waiting for merge.....52
[log (2017-03-23 15:18:35.085)]  Waiting for merge.....51
[log (2017-03-23 15:18:36.115)]  Waiting for merge.....50
[log (2017-03-23 15:18:37.130)]  Waiting for merge.....49
[log (2017-03-23 15:18:38.175)]  Waiting for merge.....48
[log (2017-03-23 15:18:39.204)]  Waiting for merge.....47
[log (2017-03-23 15:18:40.234)]  Waiting for merge.....46
[log (2017-03-23 15:18:41.264)]  Waiting for merge.....45
[log (2017-03-23 15:18:42.294)]  Waiting for merge.....44
[log (2017-03-23 15:18:43.324)]  Waiting for merge.....43
[log (2017-03-23 15:18:44.353)]  Waiting for merge.....42
[log (2017-03-23 15:18:45.370)]  Waiting for merge.....41
[log (2017-03-23 15:18:46.399)]  Waiting for merge.....40
[log (2017-03-23 15:18:47.429)]  Waiting for merge.....39
[log (2017-03-23 15:18:48.459)]  Waiting for merge.....38
[log (2017-03-23 15:18:49.489)]  Waiting for merge.....37
[log (2017-03-23 15:18:50.518)]  Waiting for merge.....36
[log (2017-03-23 15:18:51.548)]  Waiting for merge.....35
[log (2017-03-23 15:18:52.578)]  Waiting for merge.....34
[log (2017-03-23 15:18:53.607)]  Waiting for merge.....33
[log (2017-03-23 15:18:54.637)]  Waiting for merge.....32
[log (2017-03-23 15:18:55.624)]  Waiting for merge.....31
[log (2017-03-23 15:18:56.677)]  Waiting for merge.....30
[log (2017-03-23 15:18:57.706)]  Waiting for merge.....29
[log (2017-03-23 15:18:58.736)]  Waiting for merge.....28
[log (2017-03-23 15:18:59.765)]  Waiting for merge.....27
[log (2017-03-23 15:19:00.795)]  Waiting for merge.....26
[log (2017-03-23 15:19:01.825)]  Waiting for merge.....25
[log (2017-03-23 15:19:02.855)]  Waiting for merge.....24
[log (2017-03-23 15:19:03.885)]  Waiting for merge.....23
[log (2017-03-23 15:19:04.907)]  Waiting for merge.....22
[log (2017-03-23 15:19:05.936)]  Waiting for merge.....21
[log (2017-03-23 15:19:06.958)]  Waiting for merge.....20
[log (2017-03-23 15:19:07.988)]  Waiting for merge.....19
[log (2017-03-23 15:19:09.017)]  Waiting for merge.....18
[log (2017-03-23 15:19:10.047)]  Waiting for merge.....17
[log (2017-03-23 15:19:11.036)]  Waiting for merge.....16
[log (2017-03-23 15:19:12.089)]  Waiting for merge.....15
[log (2017-03-23 15:19:13.118)]  Waiting for merge.....14
[log (2017-03-23 15:19:14.148)]  Waiting for merge.....13
[log (2017-03-23 15:19:15.178)]  Waiting for merge.....12
[log (2017-03-23 15:19:16.207)]  Waiting for merge.....11
[log (2017-03-23 15:19:17.237)]  Waiting for merge.....10
[log (2017-03-23 15:19:18.266)]  Waiting for merge.....9
[log (2017-03-23 15:19:19.296)]  Waiting for merge.....8
[log (2017-03-23 15:19:20.326)]  Waiting for merge.....7
[log (2017-03-23 15:19:21.355)]  Waiting for merge.....6
[log (2017-03-23 15:19:22.385)]  Waiting for merge.....5
[log (2017-03-23 15:19:23.414)]  Waiting for merge.....4
[log (2017-03-23 15:19:24.444)]  Waiting for merge.....3
[log (2017-03-23 15:19:25.474)]  Waiting for merge.....2
[log (2017-03-23 15:19:26.503)]  Waiting for merge.....1
[log (2017-03-23 15:19:26.534)]  Pre Advice not merged: A000000250
[log (2017-03-23 15:19:26.612)]  
[log (2017-03-23 15:22:19.091)]  Reading line from file: USER,,Database,jdbc:oracle:thin:@hlxd0dc003.unix.marksandspencerdev.com:1521:WMSBACD,,,
[log (2017-03-23 15:22:19.091)]  Reading line from file: OPTIMUS,,dcsdba,,,,
[log (2017-03-23 15:22:19.107)]  Reading line from file: 1234,,jdadcbacd,,,,
[log (2017-03-23 15:22:19.107)]  Reading line from file: Pre-Advice,CeConsignment,Receipt Lane,tag,qty,eachToCase,Create
[log (2017-03-23 15:22:19.107)]  Reading line from file: 2055734P02,000000012,REC001,2017022701,10c,12,N
[log (2017-03-23 15:22:19.107)]  Reading line from file: SKU,,,,,,Create
[log (2017-03-23 15:22:19.107)]  Reading line from file: UPC,,,,,,Create
[log (2017-03-23 15:22:19.107)]  Reading line from file: ORDERS,,,,,,Create
[log (2017-03-23 15:22:20.183)]  Trying to insert Pre Advice
[log (2017-03-23 15:22:20.183)]  inserting header file: A000000250
[log (2017-03-23 15:22:20.682)]  inserting line file
[log (2017-03-23 15:22:20.901)]  Waiting for merge.....A000000250
[log (2017-03-23 15:22:21.915)]  Waiting for merge.....60
[log (2017-03-23 15:22:22.960)]  Waiting for merge.....59
[log (2017-03-23 15:22:23.989)]  Waiting for merge.....58
[log (2017-03-23 15:22:25.019)]  Waiting for merge.....57
[log (2017-03-23 15:22:26.049)]  Waiting for merge.....56
[log (2017-03-23 15:22:27.078)]  Waiting for merge.....55
[log (2017-03-23 15:22:28.108)]  Waiting for merge.....54
[log (2017-03-23 15:25:12.564)]  Reading line from file: USER,,Database,jdbc:oracle:thin:@hlxd0dc003.unix.marksandspencerdev.com:1521:WMSBACD,,,
[log (2017-03-23 15:25:12.564)]  Reading line from file: OPTIMUS,,dcsdba,,,,
[log (2017-03-23 15:25:12.564)]  Reading line from file: 1234,,jdadcbacd,,,,
[log (2017-03-23 15:25:12.564)]  Reading line from file: Pre-Advice,CeConsignment,Receipt Lane,tag,qty,eachToCase,Create
[log (2017-03-23 15:25:12.564)]  Reading line from file: 2055734P02,000000012,REC001,2017022701,10c,12,N
[log (2017-03-23 15:25:12.564)]  Reading line from file: SKU,,,,,,Create
[log (2017-03-23 15:25:12.564)]  Reading line from file: UPC,,,,,,Create
[log (2017-03-23 15:25:12.564)]  Reading line from file: ORDERS,,,,,,Create
[log (2017-03-23 15:25:13.547)]  Trying to insert Pre Advice
[log (2017-03-23 15:25:13.547)]  inserting header file: A000000250
[log (2017-03-23 15:25:13.952)]  inserting line file
[log (2017-03-23 15:25:14.108)]  Waiting for merge.....A000000250
[log (2017-03-23 15:25:15.122)]  Waiting for merge.....60
[log (2017-03-23 15:25:15.185)]  Pre Advice A000000250 merged
[log (2017-03-23 15:25:15.185)]  Pre Advice A000000250 merged
[log (2017-03-23 15:31:44.397)]  Reading line from file: USER,,Database,jdbc:oracle:thin:@hlxd0dc003.unix.marksandspencerdev.com:1521:WMSBACD,,,
[log (2017-03-23 15:31:44.397)]  Reading line from file: OPTIMUS,,dcsdba,,,,
[log (2017-03-23 15:31:44.397)]  Reading line from file: 1234,,jdadcbacd,,,,
[log (2017-03-23 15:31:44.412)]  Reading line from file: Pre-Advice,CeConsignment,Receipt Lane,tag,qty,eachToCase,Create
[log (2017-03-23 15:31:44.412)]  Reading line from file: 2055734P02,000000012,REC001,2017022701,10c,12,N
[log (2017-03-23 15:31:44.412)]  Reading line from file: SKU,,,,,,Create
[log (2017-03-23 15:31:44.412)]  Reading line from file: UPC,,,,,,Create
[log (2017-03-23 15:31:44.412)]  Reading line from file: ORDERS,,,,,,Create
[log (2017-03-23 15:31:45.520)]  Trying to insert Pre Advice
[log (2017-03-23 15:31:45.520)]  inserting header file: A000000251
[log (2017-03-23 15:31:45.847)]  inserting line file
[log (2017-03-23 15:31:46.003)]  Waiting for merge.....A000000251
[log (2017-03-23 16:02:44.329)]  Reading line from file: USER,,Database,jdbc:oracle:thin:@hlxd0dc003.unix.marksandspencerdev.com:1521:WMSBACD,,,
[log (2017-03-23 16:02:44.331)]  Reading line from file: OPTIMUS,,dcsdba,,,,
[log (2017-03-23 16:02:44.333)]  Reading line from file: 1234,,jdadcbacd,,,,
[log (2017-03-23 16:02:44.334)]  Reading line from file: Pre-Advice,CeConsignment,Receipt Lane,tag,qty,eachToCase,Create
[log (2017-03-23 16:02:44.336)]  Reading line from file: 2055734P02,000000012,REC001,2017022701,10c,12,N
[log (2017-03-23 16:02:44.337)]  Reading line from file: SKU,,,,,,Create
[log (2017-03-23 16:02:44.338)]  Reading line from file: UPC,,,,,,Create
[log (2017-03-23 16:02:44.339)]  Reading line from file: ORDERS,,,,,,Create
[log (2017-03-23 16:02:45.446)]  Attempting to interface an Order
[log (2017-03-23 16:02:45.448)]  inserting order header: A000000655
[log (2017-03-23 16:02:45.881)]  inserting order header: A000000656
[log (2017-03-23 16:02:46.064)]  inserting order header: A000000657
[log (2017-03-23 16:02:46.246)]  inserting order header: A000000658
[log (2017-03-23 16:02:46.425)]  inserting order header: A000000659
[log (2017-03-23 16:02:46.614)]  inserting order header: A000000660
[log (2017-03-23 16:02:46.792)]  inserting order header: A000000661
[log (2017-03-23 16:02:46.998)]  inserting order header: A000000662
[log (2017-03-23 16:02:47.178)]  inserting order header: A000000663
[log (2017-03-23 16:02:47.370)]  inserting order header: A000000664
[log (2017-03-23 16:02:47.545)]  inserting order header: A000000665
[log (2017-03-23 16:02:47.724)]  inserting order header: A000000666
[log (2017-03-23 16:02:47.903)]  inserting order header: A000000667
[log (2017-03-23 16:02:48.090)]  inserting order header: A000000668
[log (2017-03-23 16:02:48.265)]  inserting order header: A000000669
[log (2017-03-23 16:02:49.108)]  inserting order header: A000000670
[log (2017-03-23 16:02:49.508)]  inserting order header: A000000671
[log (2017-03-23 16:02:50.186)]  inserting order header: A000000672
[log (2017-03-23 16:02:50.451)]  inserting order header: A000000673
[log (2017-03-23 16:02:50.637)]  inserting order header: A000000674
[log (2017-03-23 16:02:50.836)]  inserting order header: A000000675
[log (2017-03-23 16:02:51.022)]  inserting order header: A000000676
[log (2017-03-23 16:02:51.221)]  inserting order header: A000000677
[log (2017-03-23 16:02:51.409)]  inserting order header: A000000678
[log (2017-03-23 16:02:51.589)]  inserting order header: A000000679
[log (2017-03-23 16:02:51.769)]  inserting order header: A000000680
[log (2017-03-23 16:02:51.967)]  inserting order header: A000000681
[log (2017-03-23 16:02:52.154)]  inserting order header: A000000682
[log (2017-03-23 16:02:52.333)]  inserting order header: A000000683
[log (2017-03-23 16:02:52.516)]  inserting order line A000000655::1
[log (2017-03-23 16:02:52.963)]  inserting order line A000000656::1
[log (2017-03-23 16:02:53.124)]  inserting order line A000000657::1
[log (2017-03-23 16:02:53.274)]  inserting order line A000000658::1
[log (2017-03-23 16:02:53.429)]  inserting order line A000000659::1
[log (2017-03-23 16:02:53.586)]  inserting order line A000000660::1
[log (2017-03-23 16:02:53.735)]  inserting order line A000000661::1
[log (2017-03-23 16:02:53.899)]  inserting order line A000000662::1
[log (2017-03-23 16:02:54.051)]  inserting order line A000000663::1
[log (2017-03-23 16:02:54.215)]  inserting order line A000000664::1
[log (2017-03-23 16:02:54.366)]  inserting order line A000000665::1
[log (2017-03-23 16:02:54.518)]  inserting order line A000000666::1
[log (2017-03-23 16:02:54.671)]  inserting order line A000000667::1
[log (2017-03-23 16:02:54.826)]  inserting order line A000000668::1
[log (2017-03-23 16:02:55.071)]  inserting order line A000000669::1
[log (2017-03-23 16:02:55.238)]  inserting order line A000000670::1
[log (2017-03-23 16:02:55.390)]  inserting order line A000000671::1
[log (2017-03-23 16:02:55.544)]  inserting order line A000000672::1
[log (2017-03-23 16:02:55.701)]  inserting order line A000000673::1
[log (2017-03-23 16:02:55.857)]  inserting order line A000000674::1
[log (2017-03-23 16:02:56.031)]  inserting order line A000000675::1
[log (2017-03-23 16:02:56.207)]  inserting order line A000000676::1
[log (2017-03-23 16:02:56.363)]  inserting order line A000000677::1
[log (2017-03-23 16:02:56.527)]  inserting order line A000000678::1
[log (2017-03-23 16:02:56.688)]  inserting order line A000000679::1
[log (2017-03-23 16:02:56.839)]  inserting order line A000000680::1
[log (2017-03-23 16:02:56.998)]  inserting order line A000000681::1
[log (2017-03-23 16:02:57.151)]  inserting order line A000000682::1
[log (2017-03-23 16:02:57.306)]  inserting order line A000000683::1
[log (2017-03-23 16:02:57.466)]  Waiting for merge....A000000655
[log (2017-03-23 16:02:57.468)]  Waiting for merge....60
[log (2017-03-23 16:02:58.540)]  Waiting for merge....A000000655
[log (2017-03-23 16:02:58.542)]  Waiting for merge....60
[log (2017-03-23 16:02:59.577)]  Waiting for merge....A000000655
[log (2017-03-23 16:02:59.578)]  Waiting for merge....60
[log (2017-03-23 16:03:00.617)]  Waiting for merge....A000000655
[log (2017-03-23 16:03:00.619)]  Waiting for merge....60
[log (2017-03-23 16:03:01.654)]  Waiting for merge....A000000655
[log (2017-03-23 16:03:01.656)]  Waiting for merge....60
[log (2017-03-23 16:03:02.693)]  Waiting for merge....A000000655
[log (2017-03-23 16:03:02.694)]  Waiting for merge....60
[log (2017-03-23 16:03:03.727)]  Waiting for merge....A000000655
[log (2017-03-23 16:03:03.728)]  Waiting for merge....60
[log (2017-03-23 16:03:04.769)]  Waiting for merge....A000000655
[log (2017-03-23 16:03:04.772)]  Waiting for merge....60
[log (2017-03-23 16:03:05.816)]  Waiting for merge....A000000655
[log (2017-03-23 16:03:05.819)]  Waiting for merge....60
[log (2017-03-23 16:03:06.854)]  Waiting for merge....A000000655
[log (2017-03-23 16:03:06.856)]  Waiting for merge....60
[log (2017-03-23 16:03:07.892)]  Waiting for merge....A000000655
[log (2017-03-23 16:03:07.895)]  Waiting for merge....60
[log (2017-03-23 16:03:08.928)]  Waiting for merge....A000000655
[log (2017-03-23 16:03:08.929)]  Waiting for merge....60
[log (2017-03-23 16:03:09.965)]  Waiting for merge....A000000655
[log (2017-03-23 16:03:09.968)]  Waiting for merge....60
[log (2017-03-23 16:03:11.001)]  Waiting for merge....A000000655
[log (2017-03-23 16:03:11.003)]  Waiting for merge....60
[log (2017-03-23 16:03:12.039)]  Waiting for merge....A000000655
[log (2017-03-23 16:03:12.042)]  Waiting for merge....60
[log (2017-03-23 16:03:13.074)]  Waiting for merge....A000000655
[log (2017-03-23 16:03:13.075)]  Waiting for merge....60
[log (2017-03-23 16:03:14.109)]  Waiting for merge....A000000655
[log (2017-03-23 16:03:14.110)]  Waiting for merge....60
[log (2017-03-23 16:17:24.277)]  Reading line from file: USER,,Database,jdbc:oracle:thin:@hlxd0dc003.unix.marksandspencerdev.com:1521:WMSBACD,,,
[log (2017-03-23 16:17:24.279)]  Reading line from file: OPTIMUS,,dcsdba,,,,
[log (2017-03-23 16:17:24.280)]  Reading line from file: 1234,,jdadcbacd,,,,
[log (2017-03-23 16:17:24.281)]  Reading line from file: Pre-Advice,CeConsignment,Receipt Lane,tag,qty,eachToCase,Create
[log (2017-03-23 16:17:24.282)]  Reading line from file: 2055734P02,000000012,REC001,2017022701,10c,12,N
[log (2017-03-23 16:17:24.284)]  Reading line from file: SKU,,,,,,Create
[log (2017-03-23 16:17:24.285)]  Reading line from file: UPC,,,,,,Create
[log (2017-03-23 16:17:24.287)]  Reading line from file: ORDERS,,,,,,Create
[log (2017-03-23 16:17:25.550)]  Attempting to interface an Order
[log (2017-03-23 16:17:25.551)]  inserting order header: A000000684
[log (2017-03-23 16:17:25.977)]  inserting order header: A000000685
[log (2017-03-23 16:17:26.174)]  inserting order header: A000000686
[log (2017-03-23 16:17:26.358)]  inserting order header: A000000687
[log (2017-03-23 16:17:26.549)]  inserting order header: A000000688
[log (2017-03-23 16:17:26.743)]  inserting order header: A000000689
[log (2017-03-23 16:17:26.935)]  inserting order header: A000000690
[log (2017-03-23 16:17:27.112)]  inserting order header: A000000691
[log (2017-03-23 16:17:27.294)]  inserting order header: A000000692
[log (2017-03-23 16:17:27.474)]  inserting order header: A000000693
[log (2017-03-23 16:17:27.655)]  inserting order header: A000000694
[log (2017-03-23 16:17:27.836)]  inserting order header: A000000695
[log (2017-03-23 16:17:28.018)]  inserting order header: A000000696
[log (2017-03-23 16:17:28.210)]  inserting order header: A000000697
[log (2017-03-23 16:17:28.393)]  inserting order header: A000000698
[log (2017-03-23 16:17:28.579)]  inserting order header: A000000699
[log (2017-03-23 16:17:28.765)]  inserting order header: A000000700
[log (2017-03-23 16:17:28.943)]  inserting order header: A000000701
[log (2017-03-23 16:17:29.147)]  inserting order header: A000000702
[log (2017-03-23 16:17:29.338)]  inserting order header: A000000703
[log (2017-03-23 16:17:29.525)]  inserting order header: A000000704
[log (2017-03-23 16:17:29.707)]  inserting order header: A000000705
[log (2017-03-23 16:17:29.889)]  inserting order header: A000000706
[log (2017-03-23 16:17:30.096)]  inserting order header: A000000707
[log (2017-03-23 16:17:30.276)]  inserting order header: A000000708
[log (2017-03-23 16:17:30.465)]  inserting order header: A000000709
[log (2017-03-23 16:17:30.642)]  inserting order header: A000000710
[log (2017-03-23 16:17:30.825)]  inserting order header: A000000711
[log (2017-03-23 16:17:31.008)]  inserting order line A000000684::1
[log (2017-03-23 16:17:31.431)]  inserting order line A000000685::1
[log (2017-03-23 16:17:31.589)]  inserting order line A000000686::1
[log (2017-03-23 16:17:31.747)]  inserting order line A000000687::1
[log (2017-03-23 16:17:31.904)]  inserting order line A000000688::1
[log (2017-03-23 16:17:32.057)]  inserting order line A000000689::1
[log (2017-03-23 16:17:32.217)]  inserting order line A000000690::1
[log (2017-03-23 16:17:32.373)]  inserting order line A000000691::1
[log (2017-03-23 16:17:32.537)]  inserting order line A000000692::1
[log (2017-03-23 16:17:32.688)]  inserting order line A000000693::1
[log (2017-03-23 16:17:32.841)]  inserting order line A000000694::1
[log (2017-03-23 16:17:32.994)]  inserting order line A000000695::1
[log (2017-03-23 16:17:33.172)]  inserting order line A000000696::1
[log (2017-03-23 16:17:33.321)]  inserting order line A000000697::1
[log (2017-03-23 16:17:33.473)]  inserting order line A000000698::1
[log (2017-03-23 16:17:33.623)]  inserting order line A000000699::1
[log (2017-03-23 16:17:33.776)]  inserting order line A000000700::1
[log (2017-03-23 16:17:33.929)]  inserting order line A000000701::1
[log (2017-03-23 16:17:34.081)]  inserting order line A000000702::1
[log (2017-03-23 16:17:34.232)]  inserting order line A000000703::1
[log (2017-03-23 16:17:34.381)]  inserting order line A000000704::1
[log (2017-03-23 16:17:34.540)]  inserting order line A000000705::1
[log (2017-03-23 16:17:34.705)]  inserting order line A000000706::1
[log (2017-03-23 16:17:34.853)]  inserting order line A000000707::1
[log (2017-03-23 16:17:35.005)]  inserting order line A000000708::1
[log (2017-03-23 16:17:35.176)]  inserting order line A000000709::1
[log (2017-03-23 16:17:35.334)]  inserting order line A000000710::1
[log (2017-03-23 16:17:35.484)]  inserting order line A000000711::1
[log (2017-03-23 16:17:35.641)]  Waiting for merge....A000000684
[log (2017-03-23 16:17:35.643)]  Waiting for merge....60
[log (2017-03-23 16:17:36.712)]  Waiting for merge....59
[log (2017-03-23 16:17:37.729)]  Waiting for merge....58
[log (2017-03-23 16:17:38.763)]  Waiting for merge....A000000684
[log (2017-03-23 16:17:38.765)]  Waiting for merge....60
[log (2017-03-23 16:17:39.801)]  Waiting for merge....A000000684
[log (2017-03-23 16:17:39.803)]  Waiting for merge....60
[log (2017-03-23 16:17:40.837)]  Waiting for merge....A000000684
[log (2017-03-23 16:17:40.840)]  Waiting for merge....60
[log (2017-03-23 16:17:41.876)]  Waiting for merge....A000000684
[log (2017-03-23 16:17:41.878)]  Waiting for merge....60
[log (2017-03-23 16:17:42.914)]  Waiting for merge....A000000684
[log (2017-03-23 16:17:42.915)]  Waiting for merge....60
[log (2017-03-23 16:17:43.951)]  Waiting for merge....A000000684
[log (2017-03-23 16:17:43.953)]  Waiting for merge....60
[log (2017-03-23 16:24:22.020)]  Reading line from file: USER,,Database,jdbc:oracle:thin:@hlxd0dc003.unix.marksandspencerdev.com:1521:WMSBACD,,,
[log (2017-03-23 16:24:22.022)]  Reading line from file: OPTIMUS,,dcsdba,,,,
[log (2017-03-23 16:24:22.024)]  Reading line from file: 1234,,jdadcbacd,,,,
[log (2017-03-23 16:24:22.025)]  Reading line from file: Pre-Advice,CeConsignment,Receipt Lane,tag,qty,eachToCase,Create
[log (2017-03-23 16:24:22.027)]  Reading line from file: 2055734P02,000000012,REC001,2017022701,10c,12,N
[log (2017-03-23 16:24:22.028)]  Reading line from file: SKU,,,,,,Create
[log (2017-03-23 16:24:22.029)]  Reading line from file: UPC,,,,,,Create
[log (2017-03-23 16:24:22.030)]  Reading line from file: ORDERS,,,,,,Create
[log (2017-03-23 16:24:23.119)]  Attempting to interface an Order
[log (2017-03-23 16:24:23.121)]  inserting order header: A000000712
[log (2017-03-23 16:24:23.528)]  inserting order header: A000000713
[log (2017-03-23 16:24:23.726)]  inserting order header: A000000714
[log (2017-03-23 16:24:23.939)]  inserting order header: A000000715
[log (2017-03-23 16:24:24.202)]  inserting order header: A000000716
[log (2017-03-23 16:24:24.498)]  inserting order header: A000000717
[log (2017-03-23 16:24:24.780)]  inserting order header: A000000718
[log (2017-03-23 16:24:24.994)]  inserting order header: A000000719
[log (2017-03-23 16:24:25.243)]  inserting order header: A000000720
[log (2017-03-23 16:24:25.430)]  inserting order header: A000000721
[log (2017-03-23 16:24:25.622)]  inserting order header: A000000722
[log (2017-03-23 16:24:25.806)]  inserting order header: A000000723
[log (2017-03-23 16:24:25.994)]  inserting order header: A000000724
[log (2017-03-23 16:24:26.191)]  inserting order header: A000000725
[log (2017-03-23 16:24:26.395)]  inserting order header: A000000726
[log (2017-03-23 16:24:26.597)]  inserting order header: A000000727
[log (2017-03-23 16:24:26.783)]  inserting order header: A000000728
[log (2017-03-23 16:24:26.971)]  inserting order header: A000000729
[log (2017-03-23 16:24:27.192)]  inserting order header: A000000730
[log (2017-03-23 16:24:27.383)]  inserting order header: A000000731
[log (2017-03-23 16:24:27.590)]  inserting order header: A000000732
[log (2017-03-23 16:24:27.775)]  inserting order header: A000000733
[log (2017-03-23 16:24:27.957)]  inserting order line A000000712::1
[log (2017-03-23 16:24:28.140)]  inserting order line A000000713::1
[log (2017-03-23 16:24:28.305)]  inserting order line A000000714::1
[log (2017-03-23 16:24:28.476)]  inserting order line A000000715::1
[log (2017-03-23 16:24:28.650)]  inserting order line A000000716::1
[log (2017-03-23 16:24:28.807)]  inserting order line A000000717::1
[log (2017-03-23 16:24:28.971)]  inserting order line A000000718::1
[log (2017-03-23 16:24:29.138)]  inserting order line A000000719::1
[log (2017-03-23 16:24:29.306)]  inserting order line A000000720::1
[log (2017-03-23 16:24:29.473)]  inserting order line A000000721::1
[log (2017-03-23 16:24:29.638)]  inserting order line A000000722::1
[log (2017-03-23 16:24:29.795)]  inserting order line A000000723::1
[log (2017-03-23 16:24:29.951)]  inserting order line A000000724::1
[log (2017-03-23 16:24:30.101)]  inserting order line A000000725::1
[log (2017-03-23 16:24:30.254)]  inserting order line A000000726::1
[log (2017-03-23 16:24:30.400)]  inserting order line A000000727::1
[log (2017-03-23 16:24:30.557)]  inserting order line A000000728::1
[log (2017-03-23 16:24:30.712)]  inserting order line A000000729::1
[log (2017-03-23 16:24:30.880)]  inserting order line A000000730::1
[log (2017-03-23 16:24:31.069)]  inserting order line A000000731::1
[log (2017-03-23 16:24:31.225)]  inserting order line A000000732::1
[log (2017-03-23 16:24:31.381)]  inserting order line A000000733::1
[log (2017-03-23 16:24:31.539)]  Waiting for merge....A000000712
[log (2017-03-23 16:24:31.540)]  Waiting for merge....60
[log (2017-03-23 16:24:32.605)]  Waiting for merge....59
[log (2017-03-23 16:24:33.622)]  Waiting for merge....58
[log (2017-03-23 16:24:34.638)]  Waiting for merge....57
[log (2017-03-23 16:24:35.659)]  Waiting for merge....56
[log (2017-03-23 16:24:36.679)]  Waiting for merge....55
[log (2017-03-23 16:24:37.697)]  Waiting for merge....54
[log (2017-03-23 16:24:38.715)]  Waiting for merge....53
[log (2017-03-23 16:24:39.735)]  Waiting for merge....52
[log (2017-03-23 16:24:40.769)]  Waiting for merge....A000000712
[log (2017-03-23 16:24:40.770)]  Waiting for merge....60
[log (2017-03-23 16:24:41.805)]  Waiting for merge....A000000712
[log (2017-03-23 16:24:41.808)]  Waiting for merge....60
[log (2017-03-23 16:24:42.842)]  Waiting for merge....A000000712
[log (2017-03-23 16:24:42.843)]  Waiting for merge....60
[log (2017-03-23 16:24:43.879)]  Waiting for merge....A000000712
[log (2017-03-23 16:24:43.882)]  Waiting for merge....60
[log (2017-03-23 16:24:44.916)]  Waiting for merge....A000000712
[log (2017-03-23 16:24:44.919)]  Waiting for merge....60
[log (2017-03-23 16:24:45.967)]  Waiting for merge....A000000712
[log (2017-03-23 16:24:45.970)]  Waiting for merge....60
[log (2017-03-23 16:24:47.003)]  Waiting for merge....A000000712
[log (2017-03-23 16:24:47.004)]  Waiting for merge....60
