[log (06/03/17 17:00:03)] CLICK on L(299,154)@S(0)[0,0 1366x768]
[log (06/03/17 17:00:05)] CLICK on L(494,292)@S(0)[0,0 1366x768]
[log (06/03/17 17:00:07)] CLICK on L(237,651)@S(0)[0,0 1366x768]
[log (06/03/17 17:00:08)] CLICK on L(702,230)@S(0)[0,0 1366x768]
[log (06/03/17 17:00:09)]  TYPE "other"
[log (06/03/17 17:00:09)]  TYPE "#DOWN."
[log (06/03/17 17:00:09)]  TYPE "#DOWN."
[log (06/03/17 17:00:09)] CLICK on L(724,290)@S(0)[0,0 1366x768]
[log (06/03/17 17:00:10)]  TYPE "Re#ENTER."
[log (06/03/17 17:00:11)] CLICK on L(682,322)@S(0)[0,0 1366x768]
[log (06/03/17 17:00:11)]  TYPE "1234"
[log (06/03/17 17:00:12)] CLICK on L(1154,321)@S(0)[0,0 1366x768]
[log (06/03/17 17:00:12)]  TYPE "AUTOPATEST"
[log (06/03/17 17:00:13)] CLICK on L(1144,383)@S(0)[0,0 1366x768]
[log (06/03/17 17:00:14)]  TYPE "0#TAB."
[log (06/03/17 17:00:14)]  TYPE "0#TAB."
[log (06/03/17 17:00:14)] CLICK on L(464,650)@S(0)[0,0 1366x768]
[log (06/03/17 17:00:16)]  TYPE " "
[log (06/03/17 17:00:16)] CLICK on L(758,652)@S(0)[0,0 1366x768]
[log (06/03/17 17:00:17)] CLICK on L(187,155)@S(0)[0,0 1366x768]
[log (06/03/17 17:00:19)] CLICK on L(374,178)@S(0)[0,0 1366x768]
[log (06/03/17 17:00:21)] CLICK on L(276,336)@S(0)[0,0 1366x768]
[log (06/03/17 17:00:22)]  TYPE "A000000037"
[log (06/03/17 17:00:22)] CLICK on L(106,651)@S(0)[0,0 1366x768]
[log (06/03/17 17:00:23)] CLICK on L(106,649)@S(0)[0,0 1366x768]
[log (06/03/17 17:00:25)] CLICK on L(263,436)@S(0)[0,0 1366x768]
[log (06/03/17 17:00:26)]  TYPE "000000101"
[log (06/03/17 17:00:26)] CLICK on L(173,649)@S(0)[0,0 1366x768]
[log (06/03/17 17:00:27)] CLICK on L(244,652)@S(0)[0,0 1366x768]
[log (06/03/17 17:00:28)] CLICK on L(28,748)@S(0)[0,0 1366x768]
[log (06/03/17 17:00:29)]  TYPE "putty#ENTER."
[log (06/03/17 17:00:30)] DOUBLE CLICK on L(703,416)@S(0)[0,0 1366x768]
[log (06/03/17 17:00:32)]  TYPE "OPTIMUS#TAB."
[log (06/03/17 17:00:33)]  TYPE "1234#ENTER."
[log (06/03/17 17:00:34)]  TYPE "2112#ENTER."
[log (06/03/17 17:00:35)]  TYPE "A000000037#ENTER."
[log (06/03/17 17:00:36)]  TYPE "20001287#ENTER."
[log (06/03/17 17:00:37)]  TYPE "#ENTER."
[log (06/03/17 17:00:38)]  TYPE "REC001#DOWN."
[log (06/03/17 17:00:38)]  TYPE "2017030630"
[log (06/03/17 17:00:39)]  TYPE "#F4."
[log (06/03/17 17:00:41)]  TYPE "50#DOWN."
[log (06/03/17 17:00:41)]  TYPE "48"
[log (06/03/17 17:00:41)]  TYPE "#DOWN."
[log (06/03/17 17:00:41)]  TYPE "#DOWN."
[log (06/03/17 17:00:41)]  TYPE "PALLET"
[log (06/03/17 17:00:41)]  TYPE "#DOWN."
[log (06/03/17 17:00:41)]  TYPE "2014"
[log (06/03/17 17:00:42)]  TYPE "15"
[log (06/03/17 17:00:42)]  TYPE "#F4."
[log (06/03/17 17:00:42)]  TYPE "#DOWN."
[log (06/03/17 17:00:42)]  TYPE "#DOWN."
[log (06/03/17 17:00:42)]  TYPE "06"
[log (06/03/17 17:00:42)]  TYPE "03"
[log (06/03/17 17:00:43)]  TYPE "2022#ENTER."
[log (06/03/17 17:00:43)]  TYPE "Y#ENTER."
[log (06/03/17 17:00:45)]  TYPE "#ENTER."
[log (06/03/17 17:00:48)]  TYPE "#F10."
[log (06/03/17 17:00:49)]  TYPE "3#ENTER."
[log (06/03/17 17:00:50)] ( Alt )  TYPE "#F4."
[log (06/03/17 17:00:50)]  TYPE " "
