[log (22/03/17 08:59:54)] CLICK on L(765,365)@S(0)[0,0 1366x768]
[log (22/03/17 08:59:55)]  TYPE "OPTIMUS"
[log (22/03/17 08:59:56)]  TYPE "#TAB."
[log (22/03/17 08:59:56)]  TYPE "1234#ENTER."
[log (22/03/17 09:00:02)] CLICK on L(187,155)@S(0)[0,0 1366x768]
[log (22/03/17 09:00:03)]  TYPE "#DOWN."
[log (22/03/17 09:00:03)]  TYPE "#DOWN."
[log (22/03/17 09:00:03)]  TYPE "#DOWN."
[log (22/03/17 09:00:03)]  TYPE "#DOWN."
[log (22/03/17 09:00:03)]  TYPE "#DOWN."
[log (22/03/17 09:00:03)]  TYPE "#DOWN."
[log (22/03/17 09:00:03)]  TYPE "#DOWN."
[log (22/03/17 09:00:03)]  TYPE "#DOWN."
[log (22/03/17 09:00:04)]  TYPE "#DOWN."
[log (22/03/17 09:00:04)]  TYPE "#RIGHT."
[log (22/03/17 09:00:04)]  TYPE "#DOWN."
[log (22/03/17 09:00:04)]  TYPE "#ENTER."
[log (22/03/17 09:00:06)] CLICK on L(106,652)@S(0)[0,0 1366x768]
[log (22/03/17 09:00:07)] CLICK on L(106,477)@S(0)[0,0 1366x768]
[log (22/03/17 09:00:08)] ( Ctrl )  TYPE "a"
[log (22/03/17 09:00:08)] CLICK on L(106,650)@S(0)[0,0 1366x768]
[log (22/03/17 09:00:10)] CLICK on L(106,650)@S(0)[0,0 1366x768]
[log (22/03/17 09:00:38)] CLICK on L(174,648)@S(0)[0,0 1366x768]
[log (22/03/17 09:00:39)] CLICK on L(244,652)@S(0)[0,0 1366x768]
