[log (15/03/17 11:46:43)] CLICK on L(765,365)@S(0)[0,0 1366x768]
[log (15/03/17 11:46:44)]  TYPE "OPTIMUS"
[log (15/03/17 11:46:45)]  TYPE "#TAB."
[log (15/03/17 11:46:45)]  TYPE "1234#ENTER."
[log (15/03/17 11:46:51)] CLICK on L(299,154)@S(0)[0,0 1366x768]
[log (15/03/17 11:46:53)] CLICK on L(494,292)@S(0)[0,0 1366x768]
[log (15/03/17 11:46:56)] CLICK on L(237,651)@S(0)[0,0 1366x768]
[log (15/03/17 11:46:57)] CLICK on L(702,230)@S(0)[0,0 1366x768]
[log (15/03/17 11:46:58)]  TYPE "other"
[log (15/03/17 11:46:58)]  TYPE "#DOWN."
[log (15/03/17 11:46:58)]  TYPE "#DOWN."
[log (15/03/17 11:46:58)]  TYPE "#ENTER."
[log (15/03/17 11:46:59)] CLICK on L(732,289)@S(0)[0,0 1366x768]
[log (15/03/17 11:47:00)]  TYPE "Re#ENTER."
[log (15/03/17 11:47:00)] CLICK on L(682,322)@S(0)[0,0 1366x768]
[log (15/03/17 11:47:01)]  TYPE "1234"
[log (15/03/17 11:47:01)] CLICK on L(1154,321)@S(0)[0,0 1366x768]
[log (15/03/17 11:47:02)]  TYPE "AUTOPATEST"
[log (15/03/17 11:47:03)] CLICK on L(1144,383)@S(0)[0,0 1366x768]
[log (15/03/17 11:47:04)]  TYPE "0#TAB."
[log (15/03/17 11:47:04)]  TYPE "0#TAB."
[log (15/03/17 11:47:04)] CLICK on L(464,650)@S(0)[0,0 1366x768]
[log (15/03/17 11:47:06)]  TYPE " "
[log (15/03/17 11:47:06)] CLICK on L(758,652)@S(0)[0,0 1366x768]
[log (15/03/17 11:47:07)] CLICK on L(187,155)@S(0)[0,0 1366x768]
[log (15/03/17 11:47:09)] CLICK on L(374,178)@S(0)[0,0 1366x768]
[log (15/03/17 11:47:12)] CLICK on L(276,336)@S(0)[0,0 1366x768]
[log (15/03/17 11:47:12)]  TYPE "A000000113"
[log (15/03/17 11:47:13)] CLICK on L(106,651)@S(0)[0,0 1366x768]
[log (15/03/17 11:47:15)] CLICK on L(106,649)@S(0)[0,0 1366x768]
[log (15/03/17 11:47:16)] CLICK on L(263,436)@S(0)[0,0 1366x768]
[log (15/03/17 11:47:17)]  TYPE "000000110"
[log (15/03/17 11:47:18)] CLICK on L(173,649)@S(0)[0,0 1366x768]
[log (15/03/17 11:47:18)] CLICK on L(244,652)@S(0)[0,0 1366x768]
[log (15/03/17 11:47:19)] CLICK on L(28,748)@S(0)[0,0 1366x768]
[log (15/03/17 11:47:20)]  TYPE "putty#ENTER."
[log (15/03/17 11:47:21)] DOUBLE CLICK on L(703,416)@S(0)[0,0 1366x768]
[log (15/03/17 11:47:23)]  TYPE "OPTIMUS#TAB."
[log (15/03/17 11:47:24)]  TYPE "1234#ENTER."
[log (15/03/17 11:47:25)]  TYPE "2112#ENTER."
[log (15/03/17 11:47:25)]  TYPE "A000000113#ENTER."
[log (15/03/17 11:47:27)]  TYPE "20001311#ENTER."
[log (15/03/17 11:47:28)]  TYPE "#ENTER."
[log (15/03/17 11:47:29)]  TYPE "REC001#DOWN."
[log (15/03/17 11:47:29)]  TYPE "2017031502"
[log (15/03/17 11:47:30)]  TYPE "#F4."
[log (15/03/17 11:47:31)]  TYPE "50#DOWN."
[log (15/03/17 11:47:31)]  TYPE "12"
[log (15/03/17 11:47:31)]  TYPE "#DOWN."
[log (15/03/17 11:47:31)]  TYPE "#DOWN."
[log (15/03/17 11:47:31)]  TYPE "PALLET"
[log (15/03/17 11:47:32)]  TYPE "#DOWN."
[log (15/03/17 11:47:32)]  TYPE "2014"
[log (15/03/17 11:47:32)]  TYPE "10"
[log (15/03/17 11:47:32)]  TYPE "#F4."
[log (15/03/17 11:47:33)]  TYPE "#DOWN."
[log (15/03/17 11:47:33)]  TYPE "#DOWN."
[log (15/03/17 11:47:33)]  TYPE "15"
[log (15/03/17 11:47:33)]  TYPE "03"
[log (15/03/17 11:47:33)]  TYPE "2022"
[log (15/03/17 11:47:34)]  TYPE "Y#ENTER."
[log (15/03/17 11:47:34)]  TYPE "Y#ENTER."
[log (15/03/17 11:47:36)]  TYPE "#ENTER."
[log (15/03/17 11:47:39)]  TYPE "#F10."
[log (15/03/17 11:47:40)]  TYPE "3#ENTER."
[log (15/03/17 11:47:40)] ( Alt )  TYPE "#F4."
[log (15/03/17 11:47:40)]  TYPE " "
