[log (06/03/17 14:52:56)] CLICK on L(299,154)@S(0)[0,0 1366x768]
[log (06/03/17 14:52:59)] CLICK on L(494,292)@S(0)[0,0 1366x768]
[log (06/03/17 14:53:01)] CLICK on L(237,651)@S(0)[0,0 1366x768]
[log (06/03/17 14:53:02)] CLICK on L(702,230)@S(0)[0,0 1366x768]
[log (06/03/17 14:53:02)]  TYPE "other"
[log (06/03/17 14:53:03)]  TYPE "#DOWN."
[log (06/03/17 14:53:03)]  TYPE "#DOWN."
[log (06/03/17 14:53:03)] CLICK on L(724,290)@S(0)[0,0 1366x768]
[log (06/03/17 14:53:04)]  TYPE "Re#ENTER."
[log (06/03/17 14:53:04)] CLICK on L(682,322)@S(0)[0,0 1366x768]
[log (06/03/17 14:53:05)]  TYPE "1234"
[log (06/03/17 14:53:05)] CLICK on L(1154,321)@S(0)[0,0 1366x768]
[log (06/03/17 14:53:06)]  TYPE "AUTOPATEST"
[log (06/03/17 14:53:07)] CLICK on L(1144,383)@S(0)[0,0 1366x768]
[log (06/03/17 14:53:07)]  TYPE "0#TAB."
[log (06/03/17 14:53:07)]  TYPE "0#TAB."
[log (06/03/17 14:53:08)] CLICK on L(464,650)@S(0)[0,0 1366x768]
[log (06/03/17 14:53:09)]  TYPE " "
[log (06/03/17 14:53:10)] CLICK on L(758,652)@S(0)[0,0 1366x768]
[log (06/03/17 14:53:11)] CLICK on L(187,155)@S(0)[0,0 1366x768]
[log (06/03/17 14:53:13)] CLICK on L(374,178)@S(0)[0,0 1366x768]
[log (06/03/17 14:53:15)] CLICK on L(276,336)@S(0)[0,0 1366x768]
[log (06/03/17 14:53:15)]  TYPE "A000000022"
[log (06/03/17 14:53:16)] CLICK on L(106,651)@S(0)[0,0 1366x768]
[log (06/03/17 14:53:17)] CLICK on L(106,649)@S(0)[0,0 1366x768]
[log (06/03/17 14:53:19)] CLICK on L(263,436)@S(0)[0,0 1366x768]
[log (06/03/17 14:53:19)]  TYPE "000000083"
[log (06/03/17 14:53:20)] CLICK on L(173,649)@S(0)[0,0 1366x768]
[log (06/03/17 14:53:21)] CLICK on L(244,652)@S(0)[0,0 1366x768]
[log (06/03/17 14:53:22)] CLICK on L(28,748)@S(0)[0,0 1366x768]
[log (06/03/17 14:53:23)]  TYPE "putty#ENTER."
[log (06/03/17 14:53:24)] DOUBLE CLICK on L(703,416)@S(0)[0,0 1366x768]
[log (06/03/17 14:53:25)]  TYPE "OPTIMUS#TAB."
[log (06/03/17 14:53:26)]  TYPE "1234#ENTER."
[log (06/03/17 14:53:27)]  TYPE "2112#ENTER."
[log (06/03/17 14:53:27)]  TYPE "A000000022#ENTER."
[log (06/03/17 14:53:29)]  TYPE "20001287#ENTER."
[log (06/03/17 14:53:30)]  TYPE "#ENTER."
[log (06/03/17 14:53:31)]  TYPE "REC001#DOWN."
[log (06/03/17 14:53:31)]  TYPE "2017030614"
[log (06/03/17 14:53:31)]  TYPE "#F4."
[log (06/03/17 14:53:33)]  TYPE "50#DOWN."
[log (06/03/17 14:53:33)]  TYPE "48"
[log (06/03/17 14:53:33)]  TYPE "#DOWN."
[log (06/03/17 14:53:33)]  TYPE "#DOWN."
[log (06/03/17 14:53:33)]  TYPE "PALLET"
[log (06/03/17 14:53:33)]  TYPE "#DOWN."
[log (06/03/17 14:53:33)]  TYPE "2014"
[log (06/03/17 14:53:34)]  TYPE "37.5"
[log (06/03/17 14:53:34)]  TYPE "#F4."
[log (06/03/17 14:53:34)]  TYPE "#DOWN."
[log (06/03/17 14:53:34)]  TYPE "#DOWN."
[log (06/03/17 14:53:34)]  TYPE "06"
[log (06/03/17 14:53:34)]  TYPE "03"
[log (06/03/17 14:53:34)]  TYPE "2022#ENTER."
[log (06/03/17 14:53:35)]  TYPE "Y#ENTER."
