[log (24/03/17 13:55:42)] CLICK on L(765,365)@S(0)[0,0 1366x768]
[log (24/03/17 13:55:43)]  TYPE "OPTIMUS"
[log (24/03/17 13:55:44)]  TYPE "#TAB."
[log (24/03/17 13:55:44)]  TYPE "1234#ENTER."
[log (24/03/17 13:55:51)] CLICK on L(299,154)@S(0)[0,0 1366x768]
[log (24/03/17 13:55:53)] CLICK on L(494,292)@S(0)[0,0 1366x768]
[log (24/03/17 13:55:57)] CLICK on L(237,651)@S(0)[0,0 1366x768]
[log (24/03/17 13:55:58)] CLICK on L(702,230)@S(0)[0,0 1366x768]
[log (24/03/17 13:55:58)]  TYPE "other"
[log (24/03/17 13:55:59)]  TYPE "#DOWN."
[log (24/03/17 13:55:59)]  TYPE "#DOWN."
[log (24/03/17 13:55:59)]  TYPE "#ENTER."
[log (24/03/17 13:56:00)] CLICK on L(732,289)@S(0)[0,0 1366x768]
[log (24/03/17 13:56:00)]  TYPE "Re#ENTER."
[log (24/03/17 13:56:01)] CLICK on L(682,322)@S(0)[0,0 1366x768]
[log (24/03/17 13:56:02)]  TYPE "9771"
[log (24/03/17 13:56:02)] CLICK on L(1154,321)@S(0)[0,0 1366x768]
[log (24/03/17 13:56:03)]  TYPE "AUTOPATEST"
[log (24/03/17 13:56:04)] CLICK on L(1144,383)@S(0)[0,0 1366x768]
[log (24/03/17 13:56:05)]  TYPE "0#TAB."
[log (24/03/17 13:56:05)]  TYPE "0#TAB."
[log (24/03/17 13:56:05)] CLICK on L(464,650)@S(0)[0,0 1366x768]
[log (24/03/17 13:56:06)]  TYPE " "
[log (24/03/17 13:56:08)] CLICK on L(758,652)@S(0)[0,0 1366x768]
[log (24/03/17 13:56:09)] CLICK on L(187,155)@S(0)[0,0 1366x768]
[log (24/03/17 13:56:10)] CLICK on L(374,178)@S(0)[0,0 1366x768]
[log (24/03/17 13:56:13)] CLICK on L(276,336)@S(0)[0,0 1366x768]
[log (24/03/17 13:56:14)]  TYPE "A000000257"
[log (24/03/17 13:56:15)] CLICK on L(106,651)@S(0)[0,0 1366x768]
[log (24/03/17 13:56:16)] CLICK on L(106,649)@S(0)[0,0 1366x768]
[log (24/03/17 13:56:18)] CLICK on L(263,436)@S(0)[0,0 1366x768]
[log (24/03/17 13:56:18)]  TYPE "000000123"
[log (24/03/17 13:56:19)] CLICK on L(173,649)@S(0)[0,0 1366x768]
[log (24/03/17 13:56:20)] CLICK on L(244,652)@S(0)[0,0 1366x768]
[log (24/03/17 13:56:21)] CLICK on L(28,748)@S(0)[0,0 1366x768]
[log (24/03/17 13:56:22)]  TYPE "putty#ENTER."
[log (24/03/17 13:56:23)] DOUBLE CLICK on L(703,416)@S(0)[0,0 1366x768]
[log (24/03/17 13:56:25)]  TYPE "OPTIMUS#TAB."
[log (24/03/17 13:56:26)]  TYPE "1234#ENTER."
[log (24/03/17 13:56:27)]  TYPE "2112#ENTER."
[log (24/03/17 13:56:28)]  TYPE "A000000257#ENTER."
[log (24/03/17 13:56:29)] CLICK on L(28,748)@S(0)[0,0 1366x768]
[log (24/03/17 13:56:30)]  TYPE "putty#ENTER."
[log (24/03/17 13:56:32)] DOUBLE CLICK on L(703,416)@S(0)[0,0 1366x768]
