[log (06/03/17 15:58:11)] CLICK on L(299,154)@S(0)[0,0 1366x768]
[log (06/03/17 15:58:13)] CLICK on L(494,292)@S(0)[0,0 1366x768]
[log (06/03/17 15:58:16)] CLICK on L(237,651)@S(0)[0,0 1366x768]
[log (06/03/17 15:58:17)] CLICK on L(702,230)@S(0)[0,0 1366x768]
[log (06/03/17 15:58:17)]  TYPE "other"
[log (06/03/17 15:58:18)]  TYPE "#DOWN."
[log (06/03/17 15:58:18)]  TYPE "#DOWN."
[log (06/03/17 15:58:18)] CLICK on L(724,290)@S(0)[0,0 1366x768]
[log (06/03/17 15:58:19)]  TYPE "Re#ENTER."
[log (06/03/17 15:58:19)] CLICK on L(682,322)@S(0)[0,0 1366x768]
[log (06/03/17 15:58:20)]  TYPE "1234"
[log (06/03/17 15:58:20)] CLICK on L(1154,321)@S(0)[0,0 1366x768]
[log (06/03/17 15:58:21)]  TYPE "AUTOPATEST"
[log (06/03/17 15:58:22)] CLICK on L(1144,383)@S(0)[0,0 1366x768]
[log (06/03/17 15:58:22)]  TYPE "0#TAB."
[log (06/03/17 15:58:22)]  TYPE "0#TAB."
[log (06/03/17 15:58:23)] CLICK on L(464,650)@S(0)[0,0 1366x768]
[log (06/03/17 15:58:24)]  TYPE " "
[log (06/03/17 15:58:25)] CLICK on L(758,652)@S(0)[0,0 1366x768]
[log (06/03/17 15:58:26)] CLICK on L(187,155)@S(0)[0,0 1366x768]
[log (06/03/17 15:58:27)] CLICK on L(374,178)@S(0)[0,0 1366x768]
[log (06/03/17 15:58:29)] CLICK on L(276,336)@S(0)[0,0 1366x768]
[log (06/03/17 15:58:30)]  TYPE "A000000027"
[log (06/03/17 15:58:30)] CLICK on L(106,651)@S(0)[0,0 1366x768]
[log (06/03/17 15:58:32)] CLICK on L(106,649)@S(0)[0,0 1366x768]
[log (06/03/17 15:58:33)] CLICK on L(263,436)@S(0)[0,0 1366x768]
[log (06/03/17 15:58:34)]  TYPE "000000092"
[log (06/03/17 15:58:35)] CLICK on L(173,649)@S(0)[0,0 1366x768]
[log (06/03/17 15:58:36)] CLICK on L(244,652)@S(0)[0,0 1366x768]
[log (06/03/17 15:58:37)] CLICK on L(28,748)@S(0)[0,0 1366x768]
[log (06/03/17 15:58:37)]  TYPE "putty#ENTER."
[log (06/03/17 15:58:38)] DOUBLE CLICK on L(703,416)@S(0)[0,0 1366x768]
[log (06/03/17 15:58:40)]  TYPE "OPTIMUS#TAB."
[log (06/03/17 15:58:41)]  TYPE "1234#ENTER."
[log (06/03/17 15:58:42)]  TYPE "2112#ENTER."
[log (06/03/17 15:58:43)]  TYPE "A000000027#ENTER."
[log (06/03/17 15:58:44)]  TYPE "20001287#ENTER."
[log (06/03/17 15:58:45)]  TYPE "#ENTER."
[log (06/03/17 15:58:46)]  TYPE "REC001#DOWN."
[log (06/03/17 15:58:46)]  TYPE "2017030622"
[log (06/03/17 15:58:47)]  TYPE "#F4."
[log (06/03/17 15:58:48)]  TYPE "50#DOWN."
[log (06/03/17 15:58:48)]  TYPE "48"
[log (06/03/17 15:58:48)]  TYPE "#DOWN."
[log (06/03/17 15:58:48)]  TYPE "#DOWN."
[log (06/03/17 15:58:48)]  TYPE "PALLET"
[log (06/03/17 15:58:48)]  TYPE "#DOWN."
[log (06/03/17 15:58:49)]  TYPE "2014"
[log (06/03/17 15:58:49)]  TYPE "15"
[log (06/03/17 15:58:49)]  TYPE "#F4."
[log (06/03/17 15:58:49)]  TYPE "#DOWN."
[log (06/03/17 15:58:49)]  TYPE "#DOWN."
[log (06/03/17 15:58:50)]  TYPE "06"
[log (06/03/17 15:58:50)]  TYPE "03"
[log (06/03/17 15:58:50)]  TYPE "2022#ENTER."
[log (06/03/17 15:58:51)]  TYPE "Y#ENTER."
