[log (14/03/17 15:58:18)] CLICK on L(765,365)@S(0)[0,0 1366x768]
[log (14/03/17 15:58:19)]  TYPE "OPTIMUS"
[log (14/03/17 15:58:20)]  TYPE "#TAB."
[log (14/03/17 15:58:20)]  TYPE "1234#ENTER."
[log (14/03/17 15:58:26)] CLICK on L(299,154)@S(0)[0,0 1366x768]
[log (14/03/17 15:58:28)] CLICK on L(494,292)@S(0)[0,0 1366x768]
[log (14/03/17 15:58:31)] CLICK on L(237,651)@S(0)[0,0 1366x768]
[log (14/03/17 15:58:32)] CLICK on L(702,230)@S(0)[0,0 1366x768]
[log (14/03/17 15:58:33)]  TYPE "other"
[log (14/03/17 15:58:33)]  TYPE "#DOWN."
[log (14/03/17 15:58:33)]  TYPE "#DOWN."
[log (14/03/17 15:58:33)]  TYPE "#ENTER."
[log (14/03/17 15:58:34)] CLICK on L(732,289)@S(0)[0,0 1366x768]
[log (14/03/17 15:58:35)]  TYPE "Re#ENTER."
[log (14/03/17 15:58:35)] CLICK on L(682,322)@S(0)[0,0 1366x768]
[log (14/03/17 15:58:36)]  TYPE "1234"
[log (14/03/17 15:58:36)] CLICK on L(1154,321)@S(0)[0,0 1366x768]
[log (14/03/17 15:58:37)]  TYPE "AUTOPATEST"
[log (14/03/17 15:58:38)] CLICK on L(1144,383)@S(0)[0,0 1366x768]
[log (14/03/17 15:58:39)]  TYPE "0#TAB."
[log (14/03/17 15:58:39)]  TYPE "0#TAB."
[log (14/03/17 15:58:40)] CLICK on L(464,650)@S(0)[0,0 1366x768]
[log (14/03/17 15:58:42)]  TYPE " "
[log (14/03/17 15:58:42)] CLICK on L(758,652)@S(0)[0,0 1366x768]
[log (14/03/17 15:58:43)] CLICK on L(187,155)@S(0)[0,0 1366x768]
[log (14/03/17 15:58:45)] CLICK on L(374,178)@S(0)[0,0 1366x768]
[log (14/03/17 15:58:48)] CLICK on L(276,336)@S(0)[0,0 1366x768]
[log (14/03/17 15:58:48)]  TYPE "A000000107"
[log (14/03/17 15:58:49)] CLICK on L(106,651)@S(0)[0,0 1366x768]
[log (14/03/17 15:58:51)] CLICK on L(106,649)@S(0)[0,0 1366x768]
[log (14/03/17 15:58:52)] CLICK on L(263,436)@S(0)[0,0 1366x768]
[log (14/03/17 15:58:53)]  TYPE "000000106"
[log (14/03/17 15:58:53)] CLICK on L(173,649)@S(0)[0,0 1366x768]
[log (14/03/17 15:58:54)] CLICK on L(244,652)@S(0)[0,0 1366x768]
[log (14/03/17 15:58:55)] CLICK on L(28,748)@S(0)[0,0 1366x768]
[log (14/03/17 15:58:56)]  TYPE "putty#ENTER."
[log (14/03/17 15:58:57)] DOUBLE CLICK on L(703,416)@S(0)[0,0 1366x768]
[log (14/03/17 15:58:59)]  TYPE "OPTIMUS#TAB."
[log (14/03/17 15:59:00)]  TYPE "1234#ENTER."
[log (14/03/17 15:59:01)]  TYPE "2112#ENTER."
[log (14/03/17 15:59:01)]  TYPE "A000000107#ENTER."
[log (14/03/17 15:59:03)]  TYPE "20001311#ENTER."
[log (14/03/17 15:59:04)]  TYPE "#ENTER."
[log (14/03/17 15:59:05)]  TYPE "REC001#DOWN."
[log (14/03/17 15:59:05)]  TYPE "2017031404"
[log (14/03/17 15:59:05)]  TYPE "#F4."
[log (14/03/17 15:59:07)]  TYPE "50#DOWN."
[log (14/03/17 15:59:07)]  TYPE "12"
[log (14/03/17 15:59:07)]  TYPE "#DOWN."
[log (14/03/17 15:59:07)]  TYPE "#DOWN."
[log (14/03/17 15:59:07)]  TYPE "PALLET"
[log (14/03/17 15:59:08)]  TYPE "#DOWN."
[log (14/03/17 15:59:08)]  TYPE "2014"
[log (14/03/17 15:59:08)]  TYPE "10"
[log (14/03/17 15:59:08)]  TYPE "#F4."
[log (14/03/17 15:59:09)]  TYPE "#DOWN."
[log (14/03/17 15:59:09)]  TYPE "#DOWN."
[log (14/03/17 15:59:09)]  TYPE "14"
[log (14/03/17 15:59:09)]  TYPE "03"
[log (14/03/17 15:59:09)]  TYPE "2022"
[log (14/03/17 15:59:09)]  TYPE "Y#ENTER."
[log (14/03/17 15:59:10)]  TYPE "Y#ENTER."
[log (14/03/17 15:59:11)]  TYPE "#ENTER."
[log (14/03/17 15:59:15)]  TYPE "#F10."
[log (14/03/17 15:59:15)]  TYPE "3#ENTER."
[log (14/03/17 15:59:16)] ( Alt )  TYPE "#F4."
[log (14/03/17 15:59:16)]  TYPE " "
