[log (24/03/17 14:45:33)] CLICK on L(765,365)@S(0)[0,0 1366x768]
[log (24/03/17 14:45:33)]  TYPE "OPTIMUS"
[log (24/03/17 14:45:34)]  TYPE "#TAB."
[log (24/03/17 14:45:34)]  TYPE "1234#ENTER."
[log (24/03/17 14:45:41)] CLICK on L(299,154)@S(0)[0,0 1366x768]
[log (24/03/17 14:45:43)] CLICK on L(494,292)@S(0)[0,0 1366x768]
[log (24/03/17 14:45:46)] CLICK on L(237,651)@S(0)[0,0 1366x768]
[log (24/03/17 14:45:47)] CLICK on L(702,230)@S(0)[0,0 1366x768]
[log (24/03/17 14:45:48)]  TYPE "other"
[log (24/03/17 14:45:48)]  TYPE "#DOWN."
[log (24/03/17 14:45:48)]  TYPE "#DOWN."
[log (24/03/17 14:45:48)]  TYPE "#ENTER."
[log (24/03/17 14:45:49)] CLICK on L(732,289)@S(0)[0,0 1366x768]
[log (24/03/17 14:45:50)]  TYPE "Re#ENTER."
[log (24/03/17 14:45:50)] CLICK on L(682,322)@S(0)[0,0 1366x768]
[log (24/03/17 14:45:51)]  TYPE "9771"
[log (24/03/17 14:45:51)] CLICK on L(1154,321)@S(0)[0,0 1366x768]
[log (24/03/17 14:45:52)]  TYPE "AUTOPATEST"
[log (24/03/17 14:45:53)] CLICK on L(1144,383)@S(0)[0,0 1366x768]
[log (24/03/17 14:45:53)]  TYPE "0#TAB."
[log (24/03/17 14:45:53)]  TYPE "0#TAB."
[log (24/03/17 14:45:54)] CLICK on L(464,650)@S(0)[0,0 1366x768]
[log (24/03/17 14:45:55)]  TYPE " "
[log (24/03/17 14:45:57)] CLICK on L(758,652)@S(0)[0,0 1366x768]
[log (24/03/17 14:45:58)] CLICK on L(187,155)@S(0)[0,0 1366x768]
[log (24/03/17 14:45:59)] CLICK on L(374,178)@S(0)[0,0 1366x768]
[log (24/03/17 14:46:02)] CLICK on L(276,336)@S(0)[0,0 1366x768]
[log (24/03/17 14:46:03)]  TYPE "A000000265"
[log (24/03/17 14:46:04)] CLICK on L(106,651)@S(0)[0,0 1366x768]
[log (24/03/17 14:46:05)] CLICK on L(106,649)@S(0)[0,0 1366x768]
[log (24/03/17 14:46:07)] CLICK on L(263,436)@S(0)[0,0 1366x768]
[log (24/03/17 14:46:07)]  TYPE "000000130"
[log (24/03/17 14:46:08)] CLICK on L(173,649)@S(0)[0,0 1366x768]
[log (24/03/17 14:46:09)] CLICK on L(244,652)@S(0)[0,0 1366x768]
[log (24/03/17 14:46:10)] CLICK on L(794,111)@S(0)[0,0 1366x768]
[log (24/03/17 14:46:11)] CLICK on L(28,748)@S(0)[0,0 1366x768]
[log (24/03/17 14:46:11)]  TYPE "putty#ENTER."
[log (24/03/17 14:46:13)] DOUBLE CLICK on L(703,416)@S(0)[0,0 1366x768]
[log (24/03/17 14:46:15)]  TYPE "OPTIMUS#TAB."
[log (24/03/17 14:46:15)]  TYPE "1234#ENTER."
[log (24/03/17 14:46:16)]  TYPE "2112#ENTER."
[log (24/03/17 14:46:17)]  TYPE "A000000265#ENTER."
[log (24/03/17 14:46:19)]  TYPE "20001311#ENTER."
[log (24/03/17 14:46:20)]  TYPE "#ENTER."
[log (24/03/17 14:46:21)]  TYPE "REC001#DOWN."
[log (24/03/17 14:46:21)]  TYPE "2017032430"
[log (24/03/17 14:46:21)]  TYPE "#F4."
[log (24/03/17 14:46:23)]  TYPE "50#DOWN."
[log (24/03/17 14:46:23)]  TYPE "12"
[log (24/03/17 14:46:23)]  TYPE "#DOWN."
[log (24/03/17 14:46:23)]  TYPE "#DOWN."
[log (24/03/17 14:46:23)]  TYPE "PALLET"
[log (24/03/17 14:46:24)]  TYPE "#DOWN."
[log (24/03/17 14:46:24)]  TYPE "2014"
[log (24/03/17 14:46:24)]  TYPE "10"
[log (24/03/17 14:46:24)]  TYPE "#F4."
[log (24/03/17 14:46:25)]  TYPE "#DOWN."
[log (24/03/17 14:46:25)]  TYPE "#DOWN."
[log (24/03/17 14:46:25)]  TYPE "24"
[log (24/03/17 14:46:25)]  TYPE "03"
[log (24/03/17 14:46:25)]  TYPE "2022"
[log (24/03/17 14:46:25)]  TYPE "Y#ENTER."
[log (24/03/17 14:46:26)]  TYPE "Y#ENTER."
[log (24/03/17 14:46:27)]  TYPE "20001413#ENTER."
[log (24/03/17 14:46:27)]  TYPE "#ENTER."
[log (24/03/17 14:46:28)]  TYPE "REC001#DOWN."
[log (24/03/17 14:46:29)]  TYPE "2017032431"
[log (24/03/17 14:46:29)]  TYPE "#F4."
[log (24/03/17 14:46:31)]  TYPE "50#DOWN."
[log (24/03/17 14:46:31)]  TYPE "12"
[log (24/03/17 14:46:31)]  TYPE "#DOWN."
[log (24/03/17 14:46:31)]  TYPE "#DOWN."
[log (24/03/17 14:46:31)]  TYPE "PALLET"
[log (24/03/17 14:46:31)]  TYPE "#DOWN."
[log (24/03/17 14:46:31)]  TYPE "2014"
[log (24/03/17 14:46:32)]  TYPE "36"
[log (24/03/17 14:46:32)]  TYPE "#F4."
[log (24/03/17 14:46:32)]  TYPE "#DOWN."
[log (24/03/17 14:46:32)]  TYPE "#DOWN."
[log (24/03/17 14:46:32)]  TYPE "24"
[log (24/03/17 14:46:33)]  TYPE "03"
[log (24/03/17 14:46:33)]  TYPE "2022"
